{"/Users/pedro.piloto/Repositories/isep/oidc-op/src/Provider.js":{"path":"/Users/pedro.piloto/Repositories/isep/oidc-op/src/Provider.js","statementMap":{"0":{"start":{"line":6,"column":12},"end":{"line":6,"column":26}},"1":{"start":{"line":7,"column":23},"end":{"line":7,"column":54}},"2":{"start":{"line":8,"column":17},"end":{"line":8,"column":43}},"3":{"start":{"line":9,"column":23},"end":{"line":9,"column":58}},"4":{"start":{"line":10,"column":30},"end":{"line":10,"column":73}},"5":{"start":{"line":11,"column":35},"end":{"line":11,"column":83}},"6":{"start":{"line":12,"column":35},"end":{"line":12,"column":83}},"7":{"start":{"line":13,"column":22},"end":{"line":13,"column":57}},"8":{"start":{"line":14,"column":21},"end":{"line":14,"column":55}},"9":{"start":{"line":15,"column":24},"end":{"line":15,"column":61}},"10":{"start":{"line":16,"column":33},"end":{"line":16,"column":79}},"11":{"start":{"line":29,"column":4},"end":{"line":29,"column":54}},"12":{"start":{"line":31,"column":4},"end":{"line":31,"column":24}},"13":{"start":{"line":48,"column":19},"end":{"line":48,"column":37}},"14":{"start":{"line":50,"column":21},"end":{"line":50,"column":40}},"15":{"start":{"line":53,"column":4},"end":{"line":55,"column":5}},"16":{"start":{"line":54,"column":6},"end":{"line":54,"column":63}},"17":{"start":{"line":57,"column":4},"end":{"line":58,"column":27}},"18":{"start":{"line":58,"column":18},"end":{"line":58,"column":26}},"19":{"start":{"line":70,"column":17},"end":{"line":70,"column":34}},"20":{"start":{"line":72,"column":4},"end":{"line":72,"column":104}},"21":{"start":{"line":73,"column":4},"end":{"line":73,"column":84}},"22":{"start":{"line":74,"column":4},"end":{"line":74,"column":93}},"23":{"start":{"line":75,"column":4},"end":{"line":75,"column":71}},"24":{"start":{"line":76,"column":4},"end":{"line":76,"column":101}},"25":{"start":{"line":77,"column":4},"end":{"line":77,"column":98}},"26":{"start":{"line":78,"column":4},"end":{"line":78,"column":97}},"27":{"start":{"line":80,"column":4},"end":{"line":80,"column":15}},"28":{"start":{"line":90,"column":4},"end":{"line":92,"column":5}},"29":{"start":{"line":91,"column":6},"end":{"line":91,"column":36}},"30":{"start":{"line":94,"column":4},"end":{"line":94,"column":36}},"31":{"start":{"line":101,"column":24},"end":{"line":101,"column":28}},"32":{"start":{"line":103,"column":21},"end":{"line":130,"column":5}},"33":{"start":{"line":132,"column":4},"end":{"line":132,"column":40}},"34":{"start":{"line":133,"column":4},"end":{"line":133,"column":29}},"35":{"start":{"line":143,"column":4},"end":{"line":145,"column":5}},"36":{"start":{"line":144,"column":6},"end":{"line":144,"column":70}},"37":{"start":{"line":147,"column":4},"end":{"line":152,"column":8}},"38":{"start":{"line":149,"column":8},"end":{"line":149,"column":28}},"39":{"start":{"line":151,"column":8},"end":{"line":151,"column":19}},"40":{"start":{"line":159,"column":4},"end":{"line":159,"column":71}},"41":{"start":{"line":166,"column":4},"end":{"line":166,"column":27}},"42":{"start":{"line":175,"column":4},"end":{"line":175,"column":25}},"43":{"start":{"line":182,"column":4},"end":{"line":189,"column":6}},"44":{"start":{"line":183,"column":18},"end":{"line":183,"column":33}},"45":{"start":{"line":185,"column":6},"end":{"line":188,"column":8}},"46":{"start":{"line":199,"column":4},"end":{"line":199,"column":48}},"47":{"start":{"line":211,"column":4},"end":{"line":211,"column":51}},"48":{"start":{"line":221,"column":4},"end":{"line":221,"column":53}},"49":{"start":{"line":231,"column":4},"end":{"line":231,"column":40}},"50":{"start":{"line":241,"column":4},"end":{"line":241,"column":53}},"51":{"start":{"line":251,"column":4},"end":{"line":251,"column":39}},"52":{"start":{"line":261,"column":4},"end":{"line":261,"column":42}},"53":{"start":{"line":268,"column":0},"end":{"line":268,"column":25}}},"fnMap":{"0":{"name":"(anonymous_0)","decl":{"start":{"line":26,"column":2},"end":{"line":26,"column":3}},"loc":{"start":{"line":26,"column":30},"end":{"line":32,"column":3}},"line":26},"1":{"name":"(anonymous_1)","decl":{"start":{"line":47,"column":2},"end":{"line":47,"column":3}},"loc":{"start":{"line":47,"column":21},"end":{"line":59,"column":3}},"line":47},"2":{"name":"(anonymous_2)","decl":{"start":{"line":58,"column":12},"end":{"line":58,"column":13}},"loc":{"start":{"line":58,"column":18},"end":{"line":58,"column":26}},"line":58},"3":{"name":"(anonymous_3)","decl":{"start":{"line":69,"column":2},"end":{"line":69,"column":3}},"loc":{"start":{"line":69,"column":44},"end":{"line":81,"column":3}},"line":69},"4":{"name":"(anonymous_4)","decl":{"start":{"line":89,"column":2},"end":{"line":89,"column":3}},"loc":{"start":{"line":89,"column":28},"end":{"line":95,"column":3}},"line":89},"5":{"name":"(anonymous_5)","decl":{"start":{"line":100,"column":2},"end":{"line":100,"column":3}},"loc":{"start":{"line":100,"column":22},"end":{"line":134,"column":3}},"line":100},"6":{"name":"(anonymous_6)","decl":{"start":{"line":142,"column":2},"end":{"line":142,"column":3}},"loc":{"start":{"line":142,"column":24},"end":{"line":153,"column":3}},"line":142},"7":{"name":"(anonymous_7)","decl":{"start":{"line":148,"column":12},"end":{"line":148,"column":13}},"loc":{"start":{"line":148,"column":24},"end":{"line":152,"column":7}},"line":148},"8":{"name":"(anonymous_8)","decl":{"start":{"line":158,"column":2},"end":{"line":158,"column":3}},"loc":{"start":{"line":158,"column":29},"end":{"line":160,"column":3}},"line":158},"9":{"name":"(anonymous_9)","decl":{"start":{"line":165,"column":2},"end":{"line":165,"column":3}},"loc":{"start":{"line":165,"column":16},"end":{"line":167,"column":3}},"line":165},"10":{"name":"(anonymous_10)","decl":{"start":{"line":174,"column":2},"end":{"line":174,"column":3}},"loc":{"start":{"line":174,"column":23},"end":{"line":176,"column":3}},"line":174},"11":{"name":"(anonymous_11)","decl":{"start":{"line":181,"column":2},"end":{"line":181,"column":3}},"loc":{"start":{"line":181,"column":22},"end":{"line":190,"column":3}},"line":181},"12":{"name":"(anonymous_12)","decl":{"start":{"line":182,"column":36},"end":{"line":182,"column":37}},"loc":{"start":{"line":182,"column":43},"end":{"line":189,"column":5}},"line":182},"13":{"name":"(anonymous_13)","decl":{"start":{"line":198,"column":2},"end":{"line":198,"column":3}},"loc":{"start":{"line":198,"column":23},"end":{"line":200,"column":3}},"line":198},"14":{"name":"(anonymous_14)","decl":{"start":{"line":210,"column":2},"end":{"line":210,"column":3}},"loc":{"start":{"line":210,"column":20},"end":{"line":212,"column":3}},"line":210},"15":{"name":"(anonymous_15)","decl":{"start":{"line":220,"column":2},"end":{"line":220,"column":3}},"loc":{"start":{"line":220,"column":22},"end":{"line":222,"column":3}},"line":220},"16":{"name":"(anonymous_16)","decl":{"start":{"line":230,"column":2},"end":{"line":230,"column":3}},"loc":{"start":{"line":230,"column":18},"end":{"line":232,"column":3}},"line":230},"17":{"name":"(anonymous_17)","decl":{"start":{"line":240,"column":2},"end":{"line":240,"column":3}},"loc":{"start":{"line":240,"column":22},"end":{"line":242,"column":3}},"line":240},"18":{"name":"(anonymous_18)","decl":{"start":{"line":250,"column":2},"end":{"line":250,"column":3}},"loc":{"start":{"line":250,"column":19},"end":{"line":252,"column":3}},"line":250},"19":{"name":"(anonymous_19)","decl":{"start":{"line":260,"column":2},"end":{"line":260,"column":3}},"loc":{"start":{"line":260,"column":22},"end":{"line":262,"column":3}},"line":260}},"branchMap":{"0":{"loc":{"start":{"line":53,"column":4},"end":{"line":55,"column":5}},"type":"if","locations":[{"start":{"line":53,"column":4},"end":{"line":55,"column":5}},{"start":{"line":53,"column":4},"end":{"line":55,"column":5}}],"line":53},"1":{"loc":{"start":{"line":70,"column":17},"end":{"line":70,"column":34}},"type":"binary-expr","locations":[{"start":{"line":70,"column":17},"end":{"line":70,"column":28}},{"start":{"line":70,"column":32},"end":{"line":70,"column":34}}],"line":70},"2":{"loc":{"start":{"line":72,"column":37},"end":{"line":72,"column":104}},"type":"binary-expr","locations":[{"start":{"line":72,"column":37},"end":{"line":72,"column":67}},{"start":{"line":72,"column":71},"end":{"line":72,"column":104}}],"line":72},"3":{"loc":{"start":{"line":73,"column":29},"end":{"line":73,"column":84}},"type":"binary-expr","locations":[{"start":{"line":73,"column":29},"end":{"line":73,"column":51}},{"start":{"line":73,"column":55},"end":{"line":73,"column":84}}],"line":73},"4":{"loc":{"start":{"line":74,"column":32},"end":{"line":74,"column":93}},"type":"binary-expr","locations":[{"start":{"line":74,"column":32},"end":{"line":74,"column":57}},{"start":{"line":74,"column":61},"end":{"line":74,"column":93}}],"line":74},"5":{"loc":{"start":{"line":75,"column":23},"end":{"line":75,"column":71}},"type":"binary-expr","locations":[{"start":{"line":75,"column":23},"end":{"line":75,"column":39}},{"start":{"line":75,"column":43},"end":{"line":75,"column":71}}],"line":75},"6":{"loc":{"start":{"line":76,"column":36},"end":{"line":76,"column":101}},"type":"binary-expr","locations":[{"start":{"line":76,"column":36},"end":{"line":76,"column":65}},{"start":{"line":76,"column":69},"end":{"line":76,"column":101}}],"line":76},"7":{"loc":{"start":{"line":77,"column":35},"end":{"line":77,"column":98}},"type":"binary-expr","locations":[{"start":{"line":77,"column":35},"end":{"line":77,"column":63}},{"start":{"line":77,"column":67},"end":{"line":77,"column":98}}],"line":77},"8":{"loc":{"start":{"line":78,"column":35},"end":{"line":78,"column":97}},"type":"binary-expr","locations":[{"start":{"line":78,"column":35},"end":{"line":78,"column":63}},{"start":{"line":78,"column":67},"end":{"line":78,"column":97}}],"line":78},"9":{"loc":{"start":{"line":90,"column":4},"end":{"line":92,"column":5}},"type":"if","locations":[{"start":{"line":90,"column":4},"end":{"line":92,"column":5}},{"start":{"line":90,"column":4},"end":{"line":92,"column":5}}],"line":90},"10":{"loc":{"start":{"line":143,"column":4},"end":{"line":145,"column":5}},"type":"if","locations":[{"start":{"line":143,"column":4},"end":{"line":145,"column":5}},{"start":{"line":143,"column":4},"end":{"line":145,"column":5}}],"line":143}},"s":{"0":1,"1":1,"2":1,"3":1,"4":1,"5":1,"6":1,"7":1,"8":1,"9":1,"10":1,"11":25,"12":25,"13":3,"14":3,"15":3,"16":1,"17":2,"18":2,"19":25,"20":25,"21":25,"22":25,"23":25,"24":25,"25":25,"26":25,"27":25,"28":7,"29":6,"30":1,"31":6,"32":6,"33":6,"34":6,"35":4,"36":1,"37":3,"38":3,"39":3,"40":1,"41":1,"42":29,"43":7,"44":7,"45":7,"46":1,"47":1,"48":1,"49":1,"50":1,"51":1,"52":1,"53":1},"f":{"0":25,"1":3,"2":2,"3":25,"4":7,"5":6,"6":4,"7":3,"8":1,"9":1,"10":29,"11":7,"12":7,"13":1,"14":1,"15":1,"16":1,"17":1,"18":1,"19":1},"b":{"0":[1,2],"1":[25,8],"2":[25,21],"3":[25,21],"4":[25,21],"5":[25,21],"6":[25,21],"7":[25,21],"8":[25,21],"9":[6,1],"10":[1,3]},"_coverageSchema":"d34fc3e6b8297bcde183f5492bcb8fcb36775295","hash":"e69617337f07df26e60d7f3f3fa5b4ec0f13cdaa","contentHash":"5481010641a2583ccbaf5ff86342810c_12.0.2"},"/Users/pedro.piloto/Repositories/isep/oidc-op/src/schemas/ProviderSchema.js":{"path":"/Users/pedro.piloto/Repositories/isep/oidc-op/src/schemas/ProviderSchema.js","statementMap":{"0":{"start":{"line":6,"column":23},"end":{"line":6,"column":54}},"1":{"start":{"line":11,"column":15},"end":{"line":283,"column":2}},"2":{"start":{"line":288,"column":0},"end":{"line":288,"column":24}}},"fnMap":{},"branchMap":{},"s":{"0":1,"1":1,"2":1},"f":{},"b":{},"_coverageSchema":"d34fc3e6b8297bcde183f5492bcb8fcb36775295","hash":"15911e3673179500a6c64bb5ecc0e1503e3d3196","contentHash":"3ba1d2ddbc55ffcb45109b8d3bb0f663_12.0.2"},"/Users/pedro.piloto/Repositories/isep/oidc-op/src/handlers/AuthenticationRequest.js":{"path":"/Users/pedro.piloto/Repositories/isep/oidc-op/src/handlers/AuthenticationRequest.js","statementMap":{"0":{"start":{"line":7,"column":20},"end":{"line":7,"column":44}},"1":{"start":{"line":8,"column":20},"end":{"line":8,"column":45}},"2":{"start":{"line":9,"column":26},"end":{"line":9,"column":57}},"3":{"start":{"line":10,"column":16},"end":{"line":10,"column":37}},"4":{"start":{"line":11,"column":29},"end":{"line":11,"column":51}},"5":{"start":{"line":12,"column":16},"end":{"line":12,"column":37}},"6":{"start":{"line":27,"column":17},"end":{"line":27,"column":25}},"7":{"start":{"line":28,"column":18},"end":{"line":28,"column":63}},"8":{"start":{"line":30,"column":4},"end":{"line":38,"column":39}},"9":{"start":{"line":38,"column":20},"end":{"line":38,"column":38}},"10":{"start":{"line":49,"column":4},"end":{"line":49,"column":29}},"11":{"start":{"line":50,"column":4},"end":{"line":50,"column":55}},"12":{"start":{"line":51,"column":4},"end":{"line":51,"column":69}},"13":{"start":{"line":52,"column":4},"end":{"line":52,"column":67}},"14":{"start":{"line":66,"column":31},"end":{"line":66,"column":38}},"15":{"start":{"line":68,"column":4},"end":{"line":71,"column":5}},"16":{"start":{"line":70,"column":6},"end":{"line":70,"column":37}},"17":{"start":{"line":73,"column":4},"end":{"line":87,"column":26}},"18":{"start":{"line":76,"column":8},"end":{"line":76,"column":31}},"19":{"start":{"line":78,"column":8},"end":{"line":84,"column":9}},"20":{"start":{"line":80,"column":10},"end":{"line":83,"column":14}},"21":{"start":{"line":82,"column":14},"end":{"line":82,"column":40}},"22":{"start":{"line":87,"column":18},"end":{"line":87,"column":25}},"23":{"start":{"line":103,"column":21},"end":{"line":103,"column":28}},"24":{"start":{"line":105,"column":4},"end":{"line":107,"column":5}},"25":{"start":{"line":106,"column":6},"end":{"line":106,"column":37}},"26":{"start":{"line":111,"column":4},"end":{"line":141,"column":26}},"27":{"start":{"line":112,"column":18},"end":{"line":112,"column":47}},"28":{"start":{"line":115,"column":8},"end":{"line":118,"column":10}},"29":{"start":{"line":121,"column":21},"end":{"line":121,"column":37}},"30":{"start":{"line":124,"column":8},"end":{"line":132,"column":9}},"31":{"start":{"line":125,"column":10},"end":{"line":131,"column":14}},"32":{"start":{"line":127,"column":14},"end":{"line":130,"column":16}},"33":{"start":{"line":135,"column":18},"end":{"line":135,"column":58}},"34":{"start":{"line":138,"column":8},"end":{"line":138,"column":70}},"35":{"start":{"line":141,"column":18},"end":{"line":141,"column":25}},"36":{"start":{"line":161,"column":4},"end":{"line":166,"column":8}},"37":{"start":{"line":163,"column":8},"end":{"line":163,"column":33}},"38":{"start":{"line":165,"column":8},"end":{"line":165,"column":26}},"39":{"start":{"line":180,"column":21},"end":{"line":180,"column":25}},"40":{"start":{"line":181,"column":22},"end":{"line":181,"column":32}},"41":{"start":{"line":183,"column":4},"end":{"line":241,"column":29}},"42":{"start":{"line":187,"column":8},"end":{"line":192,"column":9}},"43":{"start":{"line":188,"column":10},"end":{"line":191,"column":12}},"44":{"start":{"line":193,"column":8},"end":{"line":198,"column":9}},"45":{"start":{"line":194,"column":10},"end":{"line":197,"column":12}},"46":{"start":{"line":207,"column":8},"end":{"line":212,"column":9}},"47":{"start":{"line":208,"column":10},"end":{"line":211,"column":12}},"48":{"start":{"line":214,"column":8},"end":{"line":219,"column":9}},"49":{"start":{"line":215,"column":10},"end":{"line":218,"column":12}},"50":{"start":{"line":225,"column":8},"end":{"line":230,"column":9}},"51":{"start":{"line":226,"column":10},"end":{"line":229,"column":12}},"52":{"start":{"line":239,"column":18},"end":{"line":239,"column":64}},"53":{"start":{"line":241,"column":18},"end":{"line":241,"column":28}},"54":{"start":{"line":277,"column":4},"end":{"line":281,"column":5}},"55":{"start":{"line":280,"column":6},"end":{"line":280,"column":30}},"56":{"start":{"line":283,"column":21},"end":{"line":283,"column":37}},"57":{"start":{"line":284,"column":31},"end":{"line":284,"column":72}},"58":{"start":{"line":286,"column":24},"end":{"line":286,"column":56}},"59":{"start":{"line":287,"column":28},"end":{"line":288,"column":63}},"60":{"start":{"line":290,"column":4},"end":{"line":293,"column":5}},"61":{"start":{"line":292,"column":6},"end":{"line":292,"column":30}},"62":{"start":{"line":295,"column":4},"end":{"line":345,"column":8}},"63":{"start":{"line":297,"column":8},"end":{"line":303,"column":9}},"64":{"start":{"line":299,"column":10},"end":{"line":302,"column":12}},"65":{"start":{"line":305,"column":8},"end":{"line":310,"column":9}},"66":{"start":{"line":306,"column":10},"end":{"line":309,"column":12}},"67":{"start":{"line":312,"column":8},"end":{"line":317,"column":9}},"68":{"start":{"line":313,"column":10},"end":{"line":316,"column":12}},"69":{"start":{"line":319,"column":8},"end":{"line":324,"column":9}},"70":{"start":{"line":320,"column":10},"end":{"line":323,"column":12}},"71":{"start":{"line":327,"column":23},"end":{"line":327,"column":57}},"72":{"start":{"line":329,"column":8},"end":{"line":334,"column":9}},"73":{"start":{"line":330,"column":10},"end":{"line":333,"column":12}},"74":{"start":{"line":336,"column":8},"end":{"line":344,"column":12}},"75":{"start":{"line":338,"column":12},"end":{"line":343,"column":13}},"76":{"start":{"line":339,"column":14},"end":{"line":342,"column":16}},"77":{"start":{"line":356,"column":31},"end":{"line":356,"column":38}},"78":{"start":{"line":359,"column":4},"end":{"line":364,"column":5}},"79":{"start":{"line":360,"column":6},"end":{"line":363,"column":8}},"80":{"start":{"line":367,"column":4},"end":{"line":372,"column":5}},"81":{"start":{"line":368,"column":6},"end":{"line":371,"column":8}},"82":{"start":{"line":375,"column":4},"end":{"line":380,"column":5}},"83":{"start":{"line":376,"column":6},"end":{"line":379,"column":8}},"84":{"start":{"line":383,"column":4},"end":{"line":388,"column":5}},"85":{"start":{"line":384,"column":6},"end":{"line":387,"column":8}},"86":{"start":{"line":391,"column":4},"end":{"line":396,"column":5}},"87":{"start":{"line":392,"column":6},"end":{"line":395,"column":8}},"88":{"start":{"line":399,"column":4},"end":{"line":404,"column":5}},"89":{"start":{"line":400,"column":6},"end":{"line":403,"column":8}},"90":{"start":{"line":407,"column":4},"end":{"line":412,"column":5}},"91":{"start":{"line":408,"column":6},"end":{"line":411,"column":8}},"92":{"start":{"line":415,"column":4},"end":{"line":420,"column":5}},"93":{"start":{"line":416,"column":6},"end":{"line":419,"column":8}},"94":{"start":{"line":424,"column":4},"end":{"line":429,"column":5}},"95":{"start":{"line":425,"column":6},"end":{"line":428,"column":8}},"96":{"start":{"line":433,"column":4},"end":{"line":438,"column":5}},"97":{"start":{"line":434,"column":6},"end":{"line":437,"column":8}},"98":{"start":{"line":441,"column":4},"end":{"line":441,"column":18}},"99":{"start":{"line":446,"column":20},"end":{"line":450,"column":5}},"100":{"start":{"line":447,"column":6},"end":{"line":447,"column":24}},"101":{"start":{"line":448,"column":6},"end":{"line":448,"column":19}},"102":{"start":{"line":449,"column":6},"end":{"line":449,"column":27}},"103":{"start":{"line":452,"column":4},"end":{"line":452,"column":80}},"104":{"start":{"line":452,"column":38},"end":{"line":452,"column":79}},"105":{"start":{"line":461,"column":29},"end":{"line":461,"column":33}},"106":{"start":{"line":462,"column":33},"end":{"line":462,"column":66}},"107":{"start":{"line":463,"column":32},"end":{"line":463,"column":52}},"108":{"start":{"line":470,"column":4},"end":{"line":470,"column":65}},"109":{"start":{"line":479,"column":29},"end":{"line":479,"column":33}},"110":{"start":{"line":480,"column":33},"end":{"line":480,"column":66}},"111":{"start":{"line":481,"column":32},"end":{"line":481,"column":52}},"112":{"start":{"line":483,"column":4},"end":{"line":487,"column":5}},"113":{"start":{"line":484,"column":6},"end":{"line":484,"column":17}},"114":{"start":{"line":486,"column":6},"end":{"line":486,"column":73}},"115":{"start":{"line":496,"column":19},"end":{"line":496,"column":23}},"116":{"start":{"line":497,"column":47},"end":{"line":497,"column":53}},"117":{"start":{"line":498,"column":20},"end":{"line":498,"column":41}},"118":{"start":{"line":500,"column":4},"end":{"line":504,"column":5}},"119":{"start":{"line":500,"column":41},"end":{"line":500,"column":74}},"120":{"start":{"line":501,"column":6},"end":{"line":501,"column":18}},"121":{"start":{"line":503,"column":6},"end":{"line":503,"column":17}},"122":{"start":{"line":514,"column":4},"end":{"line":518,"column":5}},"123":{"start":{"line":515,"column":6},"end":{"line":515,"column":35}},"124":{"start":{"line":517,"column":6},"end":{"line":517,"column":34}},"125":{"start":{"line":529,"column":4},"end":{"line":534,"column":51}},"126":{"start":{"line":530,"column":24},"end":{"line":530,"column":60}},"127":{"start":{"line":531,"column":24},"end":{"line":531,"column":66}},"128":{"start":{"line":532,"column":24},"end":{"line":532,"column":56}},"129":{"start":{"line":534,"column":24},"end":{"line":534,"column":50}},"130":{"start":{"line":544,"column":4},"end":{"line":546,"column":6}},"131":{"start":{"line":555,"column":26},"end":{"line":555,"column":30}},"132":{"start":{"line":557,"column":4},"end":{"line":559,"column":5}},"133":{"start":{"line":558,"column":6},"end":{"line":558,"column":56}},"134":{"start":{"line":561,"column":4},"end":{"line":561,"column":36}},"135":{"start":{"line":570,"column":41},"end":{"line":570,"column":45}},"136":{"start":{"line":571,"column":38},"end":{"line":571,"column":42}},"137":{"start":{"line":572,"column":20},"end":{"line":572,"column":28}},"138":{"start":{"line":574,"column":4},"end":{"line":593,"column":5}},"139":{"start":{"line":575,"column":17},"end":{"line":575,"column":32}},"140":{"start":{"line":576,"column":16},"end":{"line":576,"column":30}},"141":{"start":{"line":577,"column":16},"end":{"line":577,"column":35}},"142":{"start":{"line":578,"column":16},"end":{"line":578,"column":45}},"143":{"start":{"line":579,"column":16},"end":{"line":579,"column":25}},"144":{"start":{"line":580,"column":16},"end":{"line":580,"column":62}},"145":{"start":{"line":581,"column":18},"end":{"line":581,"column":33}},"146":{"start":{"line":582,"column":25},"end":{"line":582,"column":47}},"147":{"start":{"line":584,"column":15},"end":{"line":586,"column":8}},"148":{"start":{"line":588,"column":6},"end":{"line":592,"column":10}},"149":{"start":{"line":590,"column":10},"end":{"line":590,"column":33}},"150":{"start":{"line":591,"column":10},"end":{"line":591,"column":25}},"151":{"start":{"line":595,"column":4},"end":{"line":595,"column":36}},"152":{"start":{"line":604,"column":26},"end":{"line":604,"column":30}},"153":{"start":{"line":606,"column":4},"end":{"line":608,"column":5}},"154":{"start":{"line":607,"column":6},"end":{"line":607,"column":52}},"155":{"start":{"line":610,"column":4},"end":{"line":610,"column":36}},"156":{"start":{"line":624,"column":0},"end":{"line":624,"column":38}}},"fnMap":{"0":{"name":"(anonymous_0)","decl":{"start":{"line":26,"column":2},"end":{"line":26,"column":3}},"loc":{"start":{"line":26,"column":37},"end":{"line":39,"column":3}},"line":26},"1":{"name":"(anonymous_1)","decl":{"start":{"line":38,"column":13},"end":{"line":38,"column":14}},"loc":{"start":{"line":38,"column":20},"end":{"line":38,"column":38}},"line":38},"2":{"name":"(anonymous_2)","decl":{"start":{"line":48,"column":2},"end":{"line":48,"column":3}},"loc":{"start":{"line":48,"column":35},"end":{"line":53,"column":3}},"line":48},"3":{"name":"(anonymous_3)","decl":{"start":{"line":65,"column":2},"end":{"line":65,"column":3}},"loc":{"start":{"line":65,"column":23},"end":{"line":88,"column":3}},"line":65},"4":{"name":"(anonymous_4)","decl":{"start":{"line":75,"column":12},"end":{"line":75,"column":13}},"loc":{"start":{"line":75,"column":22},"end":{"line":85,"column":7}},"line":75},"5":{"name":"(anonymous_5)","decl":{"start":{"line":81,"column":18},"end":{"line":81,"column":19}},"loc":{"start":{"line":81,"column":34},"end":{"line":83,"column":13}},"line":81},"6":{"name":"(anonymous_6)","decl":{"start":{"line":87,"column":12},"end":{"line":87,"column":13}},"loc":{"start":{"line":87,"column":18},"end":{"line":87,"column":25}},"line":87},"7":{"name":"(anonymous_7)","decl":{"start":{"line":102,"column":2},"end":{"line":102,"column":3}},"loc":{"start":{"line":102,"column":31},"end":{"line":142,"column":3}},"line":102},"8":{"name":"(anonymous_8)","decl":{"start":{"line":112,"column":12},"end":{"line":112,"column":13}},"loc":{"start":{"line":112,"column":18},"end":{"line":112,"column":47}},"line":112},"9":{"name":"(anonymous_9)","decl":{"start":{"line":114,"column":13},"end":{"line":114,"column":14}},"loc":{"start":{"line":114,"column":20},"end":{"line":119,"column":7}},"line":114},"10":{"name":"(anonymous_10)","decl":{"start":{"line":121,"column":12},"end":{"line":121,"column":13}},"loc":{"start":{"line":121,"column":19},"end":{"line":121,"column":39}},"line":121},"11":{"name":"(anonymous_11)","decl":{"start":{"line":123,"column":12},"end":{"line":123,"column":13}},"loc":{"start":{"line":123,"column":18},"end":{"line":133,"column":7}},"line":123},"12":{"name":"(anonymous_12)","decl":{"start":{"line":126,"column":19},"end":{"line":126,"column":20}},"loc":{"start":{"line":126,"column":26},"end":{"line":131,"column":13}},"line":126},"13":{"name":"(anonymous_13)","decl":{"start":{"line":135,"column":12},"end":{"line":135,"column":13}},"loc":{"start":{"line":135,"column":18},"end":{"line":135,"column":58}},"line":135},"14":{"name":"(anonymous_14)","decl":{"start":{"line":137,"column":12},"end":{"line":137,"column":13}},"loc":{"start":{"line":137,"column":26},"end":{"line":139,"column":7}},"line":137},"15":{"name":"(anonymous_15)","decl":{"start":{"line":141,"column":12},"end":{"line":141,"column":13}},"loc":{"start":{"line":141,"column":18},"end":{"line":141,"column":25}},"line":141},"16":{"name":"(anonymous_16)","decl":{"start":{"line":157,"column":2},"end":{"line":157,"column":3}},"loc":{"start":{"line":157,"column":19},"end":{"line":167,"column":3}},"line":157},"17":{"name":"(anonymous_17)","decl":{"start":{"line":162,"column":12},"end":{"line":162,"column":13}},"loc":{"start":{"line":162,"column":27},"end":{"line":166,"column":7}},"line":162},"18":{"name":"(anonymous_18)","decl":{"start":{"line":179,"column":2},"end":{"line":179,"column":3}},"loc":{"start":{"line":179,"column":36},"end":{"line":242,"column":3}},"line":179},"19":{"name":"(anonymous_19)","decl":{"start":{"line":185,"column":12},"end":{"line":185,"column":13}},"loc":{"start":{"line":185,"column":18},"end":{"line":199,"column":7}},"line":185},"20":{"name":"(anonymous_20)","decl":{"start":{"line":201,"column":12},"end":{"line":201,"column":13}},"loc":{"start":{"line":201,"column":18},"end":{"line":237,"column":7}},"line":201},"21":{"name":"(anonymous_21)","decl":{"start":{"line":239,"column":12},"end":{"line":239,"column":13}},"loc":{"start":{"line":239,"column":18},"end":{"line":239,"column":64}},"line":239},"22":{"name":"(anonymous_22)","decl":{"start":{"line":241,"column":12},"end":{"line":241,"column":13}},"loc":{"start":{"line":241,"column":18},"end":{"line":241,"column":28}},"line":241},"23":{"name":"(anonymous_23)","decl":{"start":{"line":251,"column":2},"end":{"line":251,"column":3}},"loc":{"start":{"line":251,"column":45},"end":{"line":346,"column":3}},"line":251},"24":{"name":"(anonymous_24)","decl":{"start":{"line":296,"column":12},"end":{"line":296,"column":13}},"loc":{"start":{"line":296,"column":18},"end":{"line":345,"column":7}},"line":296},"25":{"name":"(anonymous_25)","decl":{"start":{"line":337,"column":16},"end":{"line":337,"column":17}},"loc":{"start":{"line":337,"column":28},"end":{"line":344,"column":11}},"line":337},"26":{"name":"(anonymous_26)","decl":{"start":{"line":355,"column":2},"end":{"line":355,"column":3}},"loc":{"start":{"line":355,"column":21},"end":{"line":442,"column":3}},"line":355},"27":{"name":"(anonymous_27)","decl":{"start":{"line":444,"column":2},"end":{"line":444,"column":3}},"loc":{"start":{"line":444,"column":59},"end":{"line":453,"column":3}},"line":444},"28":{"name":"(anonymous_28)","decl":{"start":{"line":446,"column":20},"end":{"line":446,"column":21}},"loc":{"start":{"line":446,"column":29},"end":{"line":450,"column":5}},"line":446},"29":{"name":"(anonymous_29)","decl":{"start":{"line":452,"column":31},"end":{"line":452,"column":32}},"loc":{"start":{"line":452,"column":38},"end":{"line":452,"column":79}},"line":452},"30":{"name":"(anonymous_30)","decl":{"start":{"line":460,"column":2},"end":{"line":460,"column":3}},"loc":{"start":{"line":460,"column":27},"end":{"line":471,"column":3}},"line":460},"31":{"name":"(anonymous_31)","decl":{"start":{"line":478,"column":2},"end":{"line":478,"column":3}},"loc":{"start":{"line":478,"column":27},"end":{"line":488,"column":3}},"line":478},"32":{"name":"(anonymous_32)","decl":{"start":{"line":495,"column":2},"end":{"line":495,"column":3}},"loc":{"start":{"line":495,"column":27},"end":{"line":505,"column":3}},"line":495},"33":{"name":"(anonymous_33)","decl":{"start":{"line":500,"column":33},"end":{"line":500,"column":34}},"loc":{"start":{"line":500,"column":41},"end":{"line":500,"column":74}},"line":500},"34":{"name":"(anonymous_34)","decl":{"start":{"line":513,"column":2},"end":{"line":513,"column":3}},"loc":{"start":{"line":513,"column":22},"end":{"line":519,"column":3}},"line":513},"35":{"name":"(anonymous_35)","decl":{"start":{"line":528,"column":2},"end":{"line":528,"column":3}},"loc":{"start":{"line":528,"column":18},"end":{"line":536,"column":3}},"line":528},"36":{"name":"(anonymous_36)","decl":{"start":{"line":530,"column":12},"end":{"line":530,"column":13}},"loc":{"start":{"line":530,"column":24},"end":{"line":530,"column":60}},"line":530},"37":{"name":"(anonymous_37)","decl":{"start":{"line":531,"column":12},"end":{"line":531,"column":13}},"loc":{"start":{"line":531,"column":24},"end":{"line":531,"column":66}},"line":531},"38":{"name":"(anonymous_38)","decl":{"start":{"line":532,"column":12},"end":{"line":532,"column":13}},"loc":{"start":{"line":532,"column":24},"end":{"line":532,"column":56}},"line":532},"39":{"name":"(anonymous_39)","decl":{"start":{"line":534,"column":12},"end":{"line":534,"column":13}},"loc":{"start":{"line":534,"column":24},"end":{"line":534,"column":50}},"line":534},"40":{"name":"(anonymous_40)","decl":{"start":{"line":543,"column":2},"end":{"line":543,"column":3}},"loc":{"start":{"line":543,"column":17},"end":{"line":547,"column":3}},"line":543},"41":{"name":"(anonymous_41)","decl":{"start":{"line":554,"column":2},"end":{"line":554,"column":3}},"loc":{"start":{"line":554,"column":32},"end":{"line":562,"column":3}},"line":554},"42":{"name":"(anonymous_42)","decl":{"start":{"line":569,"column":2},"end":{"line":569,"column":3}},"loc":{"start":{"line":569,"column":38},"end":{"line":596,"column":3}},"line":569},"43":{"name":"(anonymous_43)","decl":{"start":{"line":589,"column":14},"end":{"line":589,"column":15}},"loc":{"start":{"line":589,"column":20},"end":{"line":592,"column":9}},"line":589},"44":{"name":"(anonymous_44)","decl":{"start":{"line":603,"column":2},"end":{"line":603,"column":3}},"loc":{"start":{"line":603,"column":28},"end":{"line":611,"column":3}},"line":603},"45":{"name":"(anonymous_45)","decl":{"start":{"line":616,"column":2},"end":{"line":616,"column":3}},"loc":{"start":{"line":616,"column":33},"end":{"line":618,"column":3}},"line":616}},"branchMap":{"0":{"loc":{"start":{"line":68,"column":4},"end":{"line":71,"column":5}},"type":"if","locations":[{"start":{"line":68,"column":4},"end":{"line":71,"column":5}},{"start":{"line":68,"column":4},"end":{"line":71,"column":5}}],"line":68},"1":{"loc":{"start":{"line":78,"column":8},"end":{"line":84,"column":9}},"type":"if","locations":[{"start":{"line":78,"column":8},"end":{"line":84,"column":9}},{"start":{"line":78,"column":8},"end":{"line":84,"column":9}}],"line":78},"2":{"loc":{"start":{"line":78,"column":12},"end":{"line":78,"column":33}},"type":"binary-expr","locations":[{"start":{"line":78,"column":12},"end":{"line":78,"column":18}},{"start":{"line":78,"column":22},"end":{"line":78,"column":33}}],"line":78},"3":{"loc":{"start":{"line":105,"column":4},"end":{"line":107,"column":5}},"type":"if","locations":[{"start":{"line":105,"column":4},"end":{"line":107,"column":5}},{"start":{"line":105,"column":4},"end":{"line":107,"column":5}}],"line":105},"4":{"loc":{"start":{"line":124,"column":8},"end":{"line":132,"column":9}},"type":"if","locations":[{"start":{"line":124,"column":8},"end":{"line":132,"column":9}},{"start":{"line":124,"column":8},"end":{"line":132,"column":9}}],"line":124},"5":{"loc":{"start":{"line":187,"column":8},"end":{"line":192,"column":9}},"type":"if","locations":[{"start":{"line":187,"column":8},"end":{"line":192,"column":9}},{"start":{"line":187,"column":8},"end":{"line":192,"column":9}}],"line":187},"6":{"loc":{"start":{"line":193,"column":8},"end":{"line":198,"column":9}},"type":"if","locations":[{"start":{"line":193,"column":8},"end":{"line":198,"column":9}},{"start":{"line":193,"column":8},"end":{"line":198,"column":9}}],"line":193},"7":{"loc":{"start":{"line":207,"column":8},"end":{"line":212,"column":9}},"type":"if","locations":[{"start":{"line":207,"column":8},"end":{"line":212,"column":9}},{"start":{"line":207,"column":8},"end":{"line":212,"column":9}}],"line":207},"8":{"loc":{"start":{"line":207,"column":12},"end":{"line":207,"column":71}},"type":"binary-expr","locations":[{"start":{"line":207,"column":12},"end":{"line":207,"column":29}},{"start":{"line":207,"column":33},"end":{"line":207,"column":71}}],"line":207},"9":{"loc":{"start":{"line":214,"column":8},"end":{"line":219,"column":9}},"type":"if","locations":[{"start":{"line":214,"column":8},"end":{"line":219,"column":9}},{"start":{"line":214,"column":8},"end":{"line":219,"column":9}}],"line":214},"10":{"loc":{"start":{"line":214,"column":12},"end":{"line":214,"column":83}},"type":"binary-expr","locations":[{"start":{"line":214,"column":12},"end":{"line":214,"column":33}},{"start":{"line":214,"column":37},"end":{"line":214,"column":83}}],"line":214},"11":{"loc":{"start":{"line":225,"column":8},"end":{"line":230,"column":9}},"type":"if","locations":[{"start":{"line":225,"column":8},"end":{"line":230,"column":9}},{"start":{"line":225,"column":8},"end":{"line":230,"column":9}}],"line":225},"12":{"loc":{"start":{"line":225,"column":12},"end":{"line":225,"column":59}},"type":"binary-expr","locations":[{"start":{"line":225,"column":12},"end":{"line":225,"column":25}},{"start":{"line":225,"column":29},"end":{"line":225,"column":59}}],"line":225},"13":{"loc":{"start":{"line":277,"column":4},"end":{"line":281,"column":5}},"type":"if","locations":[{"start":{"line":277,"column":4},"end":{"line":281,"column":5}},{"start":{"line":277,"column":4},"end":{"line":281,"column":5}}],"line":277},"14":{"loc":{"start":{"line":287,"column":28},"end":{"line":288,"column":63}},"type":"binary-expr","locations":[{"start":{"line":287,"column":28},"end":{"line":287,"column":38}},{"start":{"line":288,"column":7},"end":{"line":288,"column":27}},{"start":{"line":288,"column":31},"end":{"line":288,"column":62}}],"line":287},"15":{"loc":{"start":{"line":290,"column":4},"end":{"line":293,"column":5}},"type":"if","locations":[{"start":{"line":290,"column":4},"end":{"line":293,"column":5}},{"start":{"line":290,"column":4},"end":{"line":293,"column":5}}],"line":290},"16":{"loc":{"start":{"line":290,"column":8},"end":{"line":290,"column":44}},"type":"binary-expr","locations":[{"start":{"line":290,"column":8},"end":{"line":290,"column":22}},{"start":{"line":290,"column":26},"end":{"line":290,"column":44}}],"line":290},"17":{"loc":{"start":{"line":297,"column":8},"end":{"line":303,"column":9}},"type":"if","locations":[{"start":{"line":297,"column":8},"end":{"line":303,"column":9}},{"start":{"line":297,"column":8},"end":{"line":303,"column":9}}],"line":297},"18":{"loc":{"start":{"line":297,"column":12},"end":{"line":297,"column":40}},"type":"binary-expr","locations":[{"start":{"line":297,"column":12},"end":{"line":297,"column":25}},{"start":{"line":297,"column":29},"end":{"line":297,"column":40}}],"line":297},"19":{"loc":{"start":{"line":305,"column":8},"end":{"line":310,"column":9}},"type":"if","locations":[{"start":{"line":305,"column":8},"end":{"line":310,"column":9}},{"start":{"line":305,"column":8},"end":{"line":310,"column":9}}],"line":305},"20":{"loc":{"start":{"line":305,"column":12},"end":{"line":305,"column":60}},"type":"binary-expr","locations":[{"start":{"line":305,"column":12},"end":{"line":305,"column":25}},{"start":{"line":305,"column":29},"end":{"line":305,"column":60}}],"line":305},"21":{"loc":{"start":{"line":312,"column":8},"end":{"line":317,"column":9}},"type":"if","locations":[{"start":{"line":312,"column":8},"end":{"line":317,"column":9}},{"start":{"line":312,"column":8},"end":{"line":317,"column":9}}],"line":312},"22":{"loc":{"start":{"line":312,"column":12},"end":{"line":312,"column":47}},"type":"binary-expr","locations":[{"start":{"line":312,"column":12},"end":{"line":312,"column":26}},{"start":{"line":312,"column":30},"end":{"line":312,"column":47}}],"line":312},"23":{"loc":{"start":{"line":319,"column":8},"end":{"line":324,"column":9}},"type":"if","locations":[{"start":{"line":319,"column":8},"end":{"line":324,"column":9}},{"start":{"line":319,"column":8},"end":{"line":324,"column":9}}],"line":319},"24":{"loc":{"start":{"line":319,"column":12},"end":{"line":319,"column":82}},"type":"binary-expr","locations":[{"start":{"line":319,"column":12},"end":{"line":319,"column":32}},{"start":{"line":319,"column":36},"end":{"line":319,"column":82}}],"line":319},"25":{"loc":{"start":{"line":329,"column":8},"end":{"line":334,"column":9}},"type":"if","locations":[{"start":{"line":329,"column":8},"end":{"line":334,"column":9}},{"start":{"line":329,"column":8},"end":{"line":334,"column":9}}],"line":329},"26":{"loc":{"start":{"line":338,"column":12},"end":{"line":343,"column":13}},"type":"if","locations":[{"start":{"line":338,"column":12},"end":{"line":343,"column":13}},{"start":{"line":338,"column":12},"end":{"line":343,"column":13}}],"line":338},"27":{"loc":{"start":{"line":359,"column":4},"end":{"line":364,"column":5}},"type":"if","locations":[{"start":{"line":359,"column":4},"end":{"line":364,"column":5}},{"start":{"line":359,"column":4},"end":{"line":364,"column":5}}],"line":359},"28":{"loc":{"start":{"line":367,"column":4},"end":{"line":372,"column":5}},"type":"if","locations":[{"start":{"line":367,"column":4},"end":{"line":372,"column":5}},{"start":{"line":367,"column":4},"end":{"line":372,"column":5}}],"line":367},"29":{"loc":{"start":{"line":375,"column":4},"end":{"line":380,"column":5}},"type":"if","locations":[{"start":{"line":375,"column":4},"end":{"line":380,"column":5}},{"start":{"line":375,"column":4},"end":{"line":380,"column":5}}],"line":375},"30":{"loc":{"start":{"line":383,"column":4},"end":{"line":388,"column":5}},"type":"if","locations":[{"start":{"line":383,"column":4},"end":{"line":388,"column":5}},{"start":{"line":383,"column":4},"end":{"line":388,"column":5}}],"line":383},"31":{"loc":{"start":{"line":391,"column":4},"end":{"line":396,"column":5}},"type":"if","locations":[{"start":{"line":391,"column":4},"end":{"line":396,"column":5}},{"start":{"line":391,"column":4},"end":{"line":396,"column":5}}],"line":391},"32":{"loc":{"start":{"line":399,"column":4},"end":{"line":404,"column":5}},"type":"if","locations":[{"start":{"line":399,"column":4},"end":{"line":404,"column":5}},{"start":{"line":399,"column":4},"end":{"line":404,"column":5}}],"line":399},"33":{"loc":{"start":{"line":407,"column":4},"end":{"line":412,"column":5}},"type":"if","locations":[{"start":{"line":407,"column":4},"end":{"line":412,"column":5}},{"start":{"line":407,"column":4},"end":{"line":412,"column":5}}],"line":407},"34":{"loc":{"start":{"line":415,"column":4},"end":{"line":420,"column":5}},"type":"if","locations":[{"start":{"line":415,"column":4},"end":{"line":420,"column":5}},{"start":{"line":415,"column":4},"end":{"line":420,"column":5}}],"line":415},"35":{"loc":{"start":{"line":424,"column":4},"end":{"line":429,"column":5}},"type":"if","locations":[{"start":{"line":424,"column":4},"end":{"line":429,"column":5}},{"start":{"line":424,"column":4},"end":{"line":429,"column":5}}],"line":424},"36":{"loc":{"start":{"line":433,"column":4},"end":{"line":438,"column":5}},"type":"if","locations":[{"start":{"line":433,"column":4},"end":{"line":438,"column":5}},{"start":{"line":433,"column":4},"end":{"line":438,"column":5}}],"line":433},"37":{"loc":{"start":{"line":483,"column":4},"end":{"line":487,"column":5}},"type":"if","locations":[{"start":{"line":483,"column":4},"end":{"line":487,"column":5}},{"start":{"line":483,"column":4},"end":{"line":487,"column":5}}],"line":483},"38":{"loc":{"start":{"line":500,"column":4},"end":{"line":504,"column":5}},"type":"if","locations":[{"start":{"line":500,"column":4},"end":{"line":504,"column":5}},{"start":{"line":500,"column":4},"end":{"line":504,"column":5}}],"line":500},"39":{"loc":{"start":{"line":500,"column":8},"end":{"line":500,"column":75}},"type":"binary-expr","locations":[{"start":{"line":500,"column":8},"end":{"line":500,"column":14}},{"start":{"line":500,"column":18},"end":{"line":500,"column":75}}],"line":500},"40":{"loc":{"start":{"line":514,"column":4},"end":{"line":518,"column":5}},"type":"if","locations":[{"start":{"line":514,"column":4},"end":{"line":518,"column":5}},{"start":{"line":514,"column":4},"end":{"line":518,"column":5}}],"line":514},"41":{"loc":{"start":{"line":557,"column":4},"end":{"line":559,"column":5}},"type":"if","locations":[{"start":{"line":557,"column":4},"end":{"line":559,"column":5}},{"start":{"line":557,"column":4},"end":{"line":559,"column":5}}],"line":557},"42":{"loc":{"start":{"line":574,"column":4},"end":{"line":593,"column":5}},"type":"if","locations":[{"start":{"line":574,"column":4},"end":{"line":593,"column":5}},{"start":{"line":574,"column":4},"end":{"line":593,"column":5}}],"line":574},"43":{"loc":{"start":{"line":580,"column":16},"end":{"line":580,"column":62}},"type":"binary-expr","locations":[{"start":{"line":580,"column":16},"end":{"line":580,"column":33}},{"start":{"line":580,"column":37},"end":{"line":580,"column":62}}],"line":580},"44":{"loc":{"start":{"line":606,"column":4},"end":{"line":608,"column":5}},"type":"if","locations":[{"start":{"line":606,"column":4},"end":{"line":608,"column":5}},{"start":{"line":606,"column":4},"end":{"line":608,"column":5}}],"line":606}},"s":{"0":1,"1":1,"2":1,"3":1,"4":1,"5":1,"6":1,"7":1,"8":1,"9":1,"10":53,"11":53,"12":53,"13":53,"14":4,"15":4,"16":1,"17":3,"18":3,"19":3,"20":0,"21":0,"22":3,"23":7,"24":7,"25":2,"26":5,"27":5,"28":1,"29":4,"30":4,"31":4,"32":0,"33":4,"34":4,"35":4,"36":4,"37":4,"38":4,"39":10,"40":10,"41":10,"42":10,"43":1,"44":9,"45":1,"46":8,"47":1,"48":7,"49":1,"50":6,"51":1,"52":5,"53":5,"54":5,"55":5,"56":0,"57":0,"58":0,"59":0,"60":0,"61":0,"62":0,"63":0,"64":0,"65":0,"66":0,"67":0,"68":0,"69":0,"70":0,"71":0,"72":0,"73":0,"74":0,"75":0,"76":0,"77":12,"78":12,"79":1,"80":11,"81":1,"82":10,"83":1,"84":9,"85":1,"86":8,"87":1,"88":7,"89":1,"90":6,"91":1,"92":5,"93":1,"94":4,"95":1,"96":3,"97":1,"98":2,"99":10,"100":20,"101":20,"102":20,"103":10,"104":10,"105":6,"106":6,"107":6,"108":6,"109":6,"110":6,"111":6,"112":6,"113":3,"114":3,"115":8,"116":8,"117":8,"118":8,"119":4,"120":2,"121":6,"122":3,"123":2,"124":1,"125":2,"126":2,"127":2,"128":2,"129":2,"130":1,"131":4,"132":4,"133":3,"134":1,"135":4,"136":4,"137":4,"138":4,"139":2,"140":2,"141":2,"142":2,"143":2,"144":2,"145":2,"146":2,"147":2,"148":2,"149":2,"150":2,"151":2,"152":4,"153":4,"154":3,"155":1,"156":1},"f":{"0":1,"1":1,"2":53,"3":4,"4":3,"5":0,"6":3,"7":7,"8":5,"9":1,"10":4,"11":4,"12":0,"13":4,"14":4,"15":4,"16":4,"17":4,"18":10,"19":10,"20":8,"21":5,"22":5,"23":5,"24":0,"25":0,"26":12,"27":10,"28":20,"29":10,"30":6,"31":6,"32":8,"33":4,"34":3,"35":2,"36":2,"37":2,"38":2,"39":2,"40":1,"41":4,"42":4,"43":2,"44":4,"45":1},"b":{"0":[1,3],"1":[0,3],"2":[3,2],"3":[2,5],"4":[4,0],"5":[1,9],"6":[1,8],"7":[1,7],"8":[8,5],"9":[1,6],"10":[7,5],"11":[1,5],"12":[6,1],"13":[5,0],"14":[0,0,0],"15":[0,0],"16":[0,0],"17":[0,0],"18":[0,0],"19":[0,0],"20":[0,0],"21":[0,0],"22":[0,0],"23":[0,0],"24":[0,0],"25":[0,0],"26":[0,0],"27":[1,11],"28":[1,10],"29":[1,9],"30":[1,8],"31":[1,7],"32":[1,6],"33":[1,5],"34":[1,4],"35":[1,3],"36":[1,2],"37":[3,3],"38":[2,6],"39":[8,3],"40":[2,1],"41":[3,1],"42":[2,2],"43":[2,2],"44":[3,1]},"_coverageSchema":"d34fc3e6b8297bcde183f5492bcb8fcb36775295","hash":"d0d368e59893b72d35af884fc3e2af03471466c9","contentHash":"a35178502b3b0f87452c1b218de6946e_12.0.2"},"/Users/pedro.piloto/Repositories/isep/oidc-op/src/handlers/BaseRequest.js":{"path":"/Users/pedro.piloto/Repositories/isep/oidc-op/src/handlers/BaseRequest.js","statementMap":{"0":{"start":{"line":7,"column":15},"end":{"line":7,"column":42}},"1":{"start":{"line":8,"column":33},"end":{"line":8,"column":54}},"2":{"start":{"line":10,"column":21},"end":{"line":10,"column":54}},"3":{"start":{"line":15,"column":15},"end":{"line":15,"column":49}},"4":{"start":{"line":20,"column":14},"end":{"line":20,"column":47}},"5":{"start":{"line":38,"column":4},"end":{"line":38,"column":73}},"6":{"start":{"line":49,"column":4},"end":{"line":49,"column":18}},"7":{"start":{"line":50,"column":4},"end":{"line":50,"column":18}},"8":{"start":{"line":51,"column":4},"end":{"line":51,"column":28}},"9":{"start":{"line":52,"column":4},"end":{"line":52,"column":42}},"10":{"start":{"line":53,"column":4},"end":{"line":53,"column":29}},"11":{"start":{"line":63,"column":18},"end":{"line":63,"column":25}},"12":{"start":{"line":64,"column":4},"end":{"line":64,"column":40}},"13":{"start":{"line":74,"column":46},"end":{"line":74,"column":53}},"14":{"start":{"line":75,"column":4},"end":{"line":75,"column":60}},"15":{"start":{"line":86,"column":21},"end":{"line":86,"column":34}},"16":{"start":{"line":87,"column":71},"end":{"line":87,"column":77}},"17":{"start":{"line":89,"column":4},"end":{"line":95,"column":5}},"18":{"start":{"line":90,"column":6},"end":{"line":90,"column":32}},"19":{"start":{"line":91,"column":11},"end":{"line":95,"column":5}},"20":{"start":{"line":92,"column":6},"end":{"line":92,"column":16}},"21":{"start":{"line":94,"column":6},"end":{"line":94,"column":16}},"22":{"start":{"line":97,"column":4},"end":{"line":97,"column":15}},"23":{"start":{"line":116,"column":4},"end":{"line":116,"column":22}},"24":{"start":{"line":118,"column":4},"end":{"line":122,"column":5}},"25":{"start":{"line":119,"column":6},"end":{"line":119,"column":52}},"26":{"start":{"line":121,"column":6},"end":{"line":121,"column":51}},"27":{"start":{"line":138,"column":25},"end":{"line":138,"column":63}},"28":{"start":{"line":140,"column":4},"end":{"line":145,"column":5}},"29":{"start":{"line":142,"column":6},"end":{"line":142,"column":48}},"30":{"start":{"line":144,"column":6},"end":{"line":144,"column":31}},"31":{"start":{"line":147,"column":4},"end":{"line":147,"column":25}},"32":{"start":{"line":163,"column":27},"end":{"line":163,"column":58}},"33":{"start":{"line":165,"column":4},"end":{"line":167,"column":5}},"34":{"start":{"line":166,"column":6},"end":{"line":166,"column":44}},"35":{"start":{"line":169,"column":4},"end":{"line":169,"column":31}},"36":{"start":{"line":171,"column":4},"end":{"line":171,"column":25}},"37":{"start":{"line":178,"column":70},"end":{"line":178,"column":74}},"38":{"start":{"line":180,"column":4},"end":{"line":182,"column":5}},"39":{"start":{"line":181,"column":6},"end":{"line":181,"column":24}},"40":{"start":{"line":184,"column":24},"end":{"line":184,"column":72}},"41":{"start":{"line":186,"column":4},"end":{"line":186,"column":29}},"42":{"start":{"line":188,"column":16},"end":{"line":188,"column":48}},"43":{"start":{"line":190,"column":4},"end":{"line":193,"column":5}},"44":{"start":{"line":191,"column":6},"end":{"line":191,"column":30}},"45":{"start":{"line":192,"column":6},"end":{"line":192,"column":54}},"46":{"start":{"line":195,"column":4},"end":{"line":195,"column":15}},"47":{"start":{"line":202,"column":18},"end":{"line":202,"column":22}},"48":{"start":{"line":203,"column":59},"end":{"line":203,"column":62}},"49":{"start":{"line":205,"column":4},"end":{"line":208,"column":6}},"50":{"start":{"line":210,"column":4},"end":{"line":210,"column":40}},"51":{"start":{"line":212,"column":4},"end":{"line":212,"column":46}},"52":{"start":{"line":223,"column":16},"end":{"line":223,"column":20}},"53":{"start":{"line":225,"column":4},"end":{"line":225,"column":37}},"54":{"start":{"line":227,"column":16},"end":{"line":227,"column":49}},"55":{"start":{"line":228,"column":4},"end":{"line":228,"column":30}},"56":{"start":{"line":229,"column":4},"end":{"line":229,"column":54}},"57":{"start":{"line":230,"column":4},"end":{"line":230,"column":15}},"58":{"start":{"line":241,"column":16},"end":{"line":241,"column":20}},"59":{"start":{"line":243,"column":4},"end":{"line":246,"column":6}},"60":{"start":{"line":248,"column":4},"end":{"line":248,"column":32}},"61":{"start":{"line":250,"column":16},"end":{"line":250,"column":51}},"62":{"start":{"line":252,"column":4},"end":{"line":252,"column":51}},"63":{"start":{"line":253,"column":4},"end":{"line":253,"column":54}},"64":{"start":{"line":255,"column":4},"end":{"line":255,"column":15}},"65":{"start":{"line":281,"column":4},"end":{"line":283,"column":5}},"66":{"start":{"line":282,"column":6},"end":{"line":282,"column":37}},"67":{"start":{"line":291,"column":16},"end":{"line":291,"column":20}},"68":{"start":{"line":292,"column":4},"end":{"line":292,"column":49}},"69":{"start":{"line":302,"column":16},"end":{"line":302,"column":63}},"70":{"start":{"line":303,"column":4},"end":{"line":303,"column":45}},"71":{"start":{"line":310,"column":0},"end":{"line":310,"column":28}}},"fnMap":{"0":{"name":"(anonymous_0)","decl":{"start":{"line":37,"column":2},"end":{"line":37,"column":3}},"loc":{"start":{"line":37,"column":37},"end":{"line":39,"column":3}},"line":37},"1":{"name":"(anonymous_1)","decl":{"start":{"line":48,"column":2},"end":{"line":48,"column":3}},"loc":{"start":{"line":48,"column":35},"end":{"line":54,"column":3}},"line":48},"2":{"name":"(anonymous_2)","decl":{"start":{"line":62,"column":2},"end":{"line":62,"column":3}},"loc":{"start":{"line":62,"column":29},"end":{"line":65,"column":3}},"line":62},"3":{"name":"(anonymous_3)","decl":{"start":{"line":73,"column":2},"end":{"line":73,"column":3}},"loc":{"start":{"line":73,"column":36},"end":{"line":76,"column":3}},"line":73},"4":{"name":"(anonymous_4)","decl":{"start":{"line":84,"column":2},"end":{"line":84,"column":3}},"loc":{"start":{"line":84,"column":35},"end":{"line":98,"column":3}},"line":84},"5":{"name":"(anonymous_5)","decl":{"start":{"line":115,"column":2},"end":{"line":115,"column":3}},"loc":{"start":{"line":115,"column":47},"end":{"line":123,"column":3}},"line":115},"6":{"name":"(anonymous_6)","decl":{"start":{"line":137,"column":2},"end":{"line":137,"column":3}},"loc":{"start":{"line":137,"column":37},"end":{"line":148,"column":3}},"line":137},"7":{"name":"(anonymous_7)","decl":{"start":{"line":162,"column":2},"end":{"line":162,"column":3}},"loc":{"start":{"line":162,"column":38},"end":{"line":172,"column":3}},"line":162},"8":{"name":"(anonymous_8)","decl":{"start":{"line":177,"column":2},"end":{"line":177,"column":3}},"loc":{"start":{"line":177,"column":18},"end":{"line":196,"column":3}},"line":177},"9":{"name":"(anonymous_9)","decl":{"start":{"line":201,"column":2},"end":{"line":201,"column":3}},"loc":{"start":{"line":201,"column":21},"end":{"line":213,"column":3}},"line":201},"10":{"name":"(anonymous_10)","decl":{"start":{"line":222,"column":2},"end":{"line":222,"column":3}},"loc":{"start":{"line":222,"column":21},"end":{"line":231,"column":3}},"line":222},"11":{"name":"(anonymous_11)","decl":{"start":{"line":240,"column":2},"end":{"line":240,"column":3}},"loc":{"start":{"line":240,"column":22},"end":{"line":256,"column":3}},"line":240},"12":{"name":"(anonymous_12)","decl":{"start":{"line":280,"column":2},"end":{"line":280,"column":3}},"loc":{"start":{"line":280,"column":16},"end":{"line":284,"column":3}},"line":280},"13":{"name":"(anonymous_13)","decl":{"start":{"line":289,"column":2},"end":{"line":289,"column":3}},"loc":{"start":{"line":289,"column":28},"end":{"line":293,"column":3}},"line":289},"14":{"name":"(anonymous_14)","decl":{"start":{"line":301,"column":2},"end":{"line":301,"column":3}},"loc":{"start":{"line":301,"column":19},"end":{"line":304,"column":3}},"line":301}},"branchMap":{"0":{"loc":{"start":{"line":64,"column":11},"end":{"line":64,"column":40}},"type":"binary-expr","locations":[{"start":{"line":64,"column":11},"end":{"line":64,"column":34}},{"start":{"line":64,"column":38},"end":{"line":64,"column":40}}],"line":64},"1":{"loc":{"start":{"line":75,"column":11},"end":{"line":75,"column":60}},"type":"cond-expr","locations":[{"start":{"line":75,"column":40},"end":{"line":75,"column":55}},{"start":{"line":75,"column":58},"end":{"line":75,"column":60}}],"line":75},"2":{"loc":{"start":{"line":86,"column":21},"end":{"line":86,"column":34}},"type":"binary-expr","locations":[{"start":{"line":86,"column":21},"end":{"line":86,"column":28}},{"start":{"line":86,"column":32},"end":{"line":86,"column":34}}],"line":86},"3":{"loc":{"start":{"line":89,"column":4},"end":{"line":95,"column":5}},"type":"if","locations":[{"start":{"line":89,"column":4},"end":{"line":95,"column":5}},{"start":{"line":89,"column":4},"end":{"line":95,"column":5}}],"line":89},"4":{"loc":{"start":{"line":91,"column":11},"end":{"line":95,"column":5}},"type":"if","locations":[{"start":{"line":91,"column":11},"end":{"line":95,"column":5}},{"start":{"line":91,"column":11},"end":{"line":95,"column":5}}],"line":91},"5":{"loc":{"start":{"line":91,"column":15},"end":{"line":91,"column":65}},"type":"binary-expr","locations":[{"start":{"line":91,"column":15},"end":{"line":91,"column":38}},{"start":{"line":91,"column":42},"end":{"line":91,"column":65}}],"line":91},"6":{"loc":{"start":{"line":118,"column":4},"end":{"line":122,"column":5}},"type":"if","locations":[{"start":{"line":118,"column":4},"end":{"line":122,"column":5}},{"start":{"line":118,"column":4},"end":{"line":122,"column":5}}],"line":118},"7":{"loc":{"start":{"line":140,"column":4},"end":{"line":145,"column":5}},"type":"if","locations":[{"start":{"line":140,"column":4},"end":{"line":145,"column":5}},{"start":{"line":140,"column":4},"end":{"line":145,"column":5}}],"line":140},"8":{"loc":{"start":{"line":180,"column":4},"end":{"line":182,"column":5}},"type":"if","locations":[{"start":{"line":180,"column":4},"end":{"line":182,"column":5}},{"start":{"line":180,"column":4},"end":{"line":182,"column":5}}],"line":180},"9":{"loc":{"start":{"line":190,"column":4},"end":{"line":193,"column":5}},"type":"if","locations":[{"start":{"line":190,"column":4},"end":{"line":193,"column":5}},{"start":{"line":190,"column":4},"end":{"line":193,"column":5}}],"line":190},"10":{"loc":{"start":{"line":252,"column":18},"end":{"line":252,"column":51}},"type":"binary-expr","locations":[{"start":{"line":252,"column":18},"end":{"line":252,"column":30}},{"start":{"line":252,"column":34},"end":{"line":252,"column":51}}],"line":252},"11":{"loc":{"start":{"line":281,"column":4},"end":{"line":283,"column":5}},"type":"if","locations":[{"start":{"line":281,"column":4},"end":{"line":283,"column":5}},{"start":{"line":281,"column":4},"end":{"line":283,"column":5}}],"line":281}},"s":{"0":1,"1":1,"2":1,"3":1,"4":1,"5":1,"6":139,"7":139,"8":139,"9":139,"10":139,"11":106,"12":106,"13":54,"14":54,"15":58,"16":58,"17":58,"18":6,"19":52,"20":10,"21":42,"22":58,"23":11,"24":6,"25":2,"26":4,"27":4,"28":4,"29":1,"30":3,"31":4,"32":2,"33":2,"34":4,"35":2,"36":2,"37":7,"38":7,"39":0,"40":7,"41":2,"42":2,"43":2,"44":0,"45":0,"46":2,"47":3,"48":3,"49":3,"50":3,"51":3,"52":3,"53":3,"54":3,"55":3,"56":1,"57":1,"58":12,"59":12,"60":12,"61":12,"62":12,"63":12,"64":12,"65":1,"66":0,"67":2,"68":2,"69":0,"70":0,"71":1},"f":{"0":1,"1":139,"2":106,"3":54,"4":58,"5":11,"6":4,"7":2,"8":7,"9":3,"10":3,"11":12,"12":1,"13":2,"14":0},"b":{"0":[106,1],"1":[37,17],"2":[58,0],"3":[6,52],"4":[10,42],"5":[52,43],"6":[2,4],"7":[1,3],"8":[0,7],"9":[0,2],"10":[12,0],"11":[0,1]},"_coverageSchema":"d34fc3e6b8297bcde183f5492bcb8fcb36775295","hash":"3cb974213e3814ef0389785603fbe06e05868fe5","contentHash":"d485b7475e11658c27ed19401106920c_12.0.2"},"/Users/pedro.piloto/Repositories/isep/oidc-op/src/errors/HandledError.js":{"path":"/Users/pedro.piloto/Repositories/isep/oidc-op/src/errors/HandledError.js","statementMap":{"0":{"start":{"line":15,"column":4},"end":{"line":15,"column":18}},"1":{"start":{"line":17,"column":4},"end":{"line":17,"column":23}},"2":{"start":{"line":21,"column":0},"end":{"line":21,"column":29}}},"fnMap":{"0":{"name":"(anonymous_0)","decl":{"start":{"line":14,"column":2},"end":{"line":14,"column":3}},"loc":{"start":{"line":14,"column":24},"end":{"line":18,"column":3}},"line":14}},"branchMap":{},"s":{"0":20,"1":20,"2":1},"f":{"0":20},"b":{},"_coverageSchema":"d34fc3e6b8297bcde183f5492bcb8fcb36775295","hash":"2c5a16787602fa3ec3805cd3ff77745db9715b33","contentHash":"8aa34c1563c7c24408eb335841ddcaf7_12.0.2"},"/Users/pedro.piloto/Repositories/isep/oidc-op/src/AccessToken.js":{"path":"/Users/pedro.piloto/Repositories/isep/oidc-op/src/AccessToken.js","statementMap":{"0":{"start":{"line":4,"column":14},"end":{"line":4,"column":36}},"1":{"start":{"line":5,"column":15},"end":{"line":5,"column":42}},"2":{"start":{"line":6,"column":26},"end":{"line":6,"column":64}},"3":{"start":{"line":8,"column":24},"end":{"line":8,"column":31}},"4":{"start":{"line":9,"column":30},"end":{"line":9,"column":37}},"5":{"start":{"line":20,"column":4},"end":{"line":20,"column":28}},"6":{"start":{"line":65,"column":27},"end":{"line":65,"column":35}},"7":{"start":{"line":67,"column":30},"end":{"line":67,"column":37}},"8":{"start":{"line":69,"column":14},"end":{"line":69,"column":50}},"9":{"start":{"line":70,"column":14},"end":{"line":70,"column":50}},"10":{"start":{"line":71,"column":14},"end":{"line":71,"column":58}},"11":{"start":{"line":72,"column":14},"end":{"line":72,"column":44}},"12":{"start":{"line":74,"column":14},"end":{"line":74,"column":23}},"13":{"start":{"line":76,"column":14},"end":{"line":76,"column":20}},"14":{"start":{"line":77,"column":14},"end":{"line":77,"column":48}},"15":{"start":{"line":78,"column":14},"end":{"line":78,"column":51}},"16":{"start":{"line":80,"column":17},"end":{"line":80,"column":29}},"17":{"start":{"line":81,"column":18},"end":{"line":81,"column":57}},"18":{"start":{"line":83,"column":14},"end":{"line":83,"column":55}},"19":{"start":{"line":85,"column":4},"end":{"line":85,"column":14}},"20":{"start":{"line":92,"column":68},"end":{"line":92,"column":75}},"21":{"start":{"line":94,"column":14},"end":{"line":94,"column":81}},"22":{"start":{"line":95,"column":14},"end":{"line":95,"column":35}},"23":{"start":{"line":96,"column":14},"end":{"line":96,"column":43}},"24":{"start":{"line":100,"column":4},"end":{"line":118,"column":5}},"25":{"start":{"line":101,"column":6},"end":{"line":101,"column":36}},"26":{"start":{"line":102,"column":6},"end":{"line":104,"column":7}},"27":{"start":{"line":103,"column":8},"end":{"line":103,"column":30}},"28":{"start":{"line":105,"column":6},"end":{"line":105,"column":26}},"29":{"start":{"line":106,"column":6},"end":{"line":106,"column":87}},"30":{"start":{"line":107,"column":6},"end":{"line":107,"column":27}},"31":{"start":{"line":111,"column":6},"end":{"line":111,"column":24}},"32":{"start":{"line":112,"column":6},"end":{"line":114,"column":7}},"33":{"start":{"line":113,"column":8},"end":{"line":113,"column":30}},"34":{"start":{"line":115,"column":6},"end":{"line":115,"column":20}},"35":{"start":{"line":116,"column":6},"end":{"line":116,"column":81}},"36":{"start":{"line":117,"column":6},"end":{"line":117,"column":24}},"37":{"start":{"line":120,"column":18},"end":{"line":120,"column":57}},"38":{"start":{"line":124,"column":4},"end":{"line":162,"column":27}},"39":{"start":{"line":125,"column":18},"end":{"line":125,"column":54}},"40":{"start":{"line":128,"column":8},"end":{"line":128,"column":27}},"41":{"start":{"line":129,"column":8},"end":{"line":129,"column":29}},"42":{"start":{"line":131,"column":8},"end":{"line":131,"column":27}},"43":{"start":{"line":136,"column":8},"end":{"line":136,"column":42}},"44":{"start":{"line":137,"column":8},"end":{"line":137,"column":41}},"45":{"start":{"line":138,"column":8},"end":{"line":138,"column":36}},"46":{"start":{"line":143,"column":8},"end":{"line":143,"column":76}},"47":{"start":{"line":148,"column":28},"end":{"line":148,"column":55}},"48":{"start":{"line":151,"column":8},"end":{"line":153,"column":9}},"49":{"start":{"line":152,"column":10},"end":{"line":152,"column":42}},"50":{"start":{"line":155,"column":8},"end":{"line":158,"column":9}},"51":{"start":{"line":156,"column":10},"end":{"line":156,"column":45}},"52":{"start":{"line":157,"column":10},"end":{"line":157,"column":83}},"53":{"start":{"line":162,"column":18},"end":{"line":162,"column":26}},"54":{"start":{"line":166,"column":16},"end":{"line":166,"column":63}},"55":{"start":{"line":167,"column":4},"end":{"line":167,"column":45}},"56":{"start":{"line":171,"column":0},"end":{"line":171,"column":45}},"57":{"start":{"line":172,"column":0},"end":{"line":172,"column":57}},"58":{"start":{"line":177,"column":0},"end":{"line":177,"column":28}}},"fnMap":{"0":{"name":"(anonymous_0)","decl":{"start":{"line":19,"column":2},"end":{"line":19,"column":3}},"loc":{"start":{"line":19,"column":23},"end":{"line":21,"column":3}},"line":19},"1":{"name":"(anonymous_1)","decl":{"start":{"line":64,"column":2},"end":{"line":64,"column":3}},"loc":{"start":{"line":64,"column":35},"end":{"line":86,"column":3}},"line":64},"2":{"name":"(anonymous_2)","decl":{"start":{"line":91,"column":2},"end":{"line":91,"column":3}},"loc":{"start":{"line":91,"column":45},"end":{"line":163,"column":3}},"line":91},"3":{"name":"(anonymous_3)","decl":{"start":{"line":125,"column":12},"end":{"line":125,"column":13}},"loc":{"start":{"line":125,"column":18},"end":{"line":125,"column":54}},"line":125},"4":{"name":"(anonymous_4)","decl":{"start":{"line":127,"column":12},"end":{"line":127,"column":13}},"loc":{"start":{"line":127,"column":19},"end":{"line":132,"column":7}},"line":127},"5":{"name":"(anonymous_5)","decl":{"start":{"line":135,"column":12},"end":{"line":135,"column":13}},"loc":{"start":{"line":135,"column":23},"end":{"line":139,"column":7}},"line":135},"6":{"name":"(anonymous_6)","decl":{"start":{"line":142,"column":12},"end":{"line":142,"column":13}},"loc":{"start":{"line":142,"column":18},"end":{"line":144,"column":7}},"line":142},"7":{"name":"(anonymous_7)","decl":{"start":{"line":147,"column":12},"end":{"line":147,"column":13}},"loc":{"start":{"line":147,"column":18},"end":{"line":159,"column":7}},"line":147},"8":{"name":"(anonymous_8)","decl":{"start":{"line":162,"column":12},"end":{"line":162,"column":13}},"loc":{"start":{"line":162,"column":18},"end":{"line":162,"column":26}},"line":162},"9":{"name":"(anonymous_9)","decl":{"start":{"line":165,"column":2},"end":{"line":165,"column":3}},"loc":{"start":{"line":165,"column":26},"end":{"line":168,"column":3}},"line":165}},"branchMap":{"0":{"loc":{"start":{"line":69,"column":14},"end":{"line":69,"column":50}},"type":"binary-expr","locations":[{"start":{"line":69,"column":14},"end":{"line":69,"column":25}},{"start":{"line":69,"column":29},"end":{"line":69,"column":50}}],"line":69},"1":{"loc":{"start":{"line":70,"column":14},"end":{"line":70,"column":50}},"type":"binary-expr","locations":[{"start":{"line":70,"column":14},"end":{"line":70,"column":25}},{"start":{"line":70,"column":29},"end":{"line":70,"column":50}}],"line":70},"2":{"loc":{"start":{"line":71,"column":14},"end":{"line":71,"column":58}},"type":"binary-expr","locations":[{"start":{"line":71,"column":14},"end":{"line":71,"column":25}},{"start":{"line":71,"column":29},"end":{"line":71,"column":58}}],"line":71},"3":{"loc":{"start":{"line":72,"column":14},"end":{"line":72,"column":44}},"type":"binary-expr","locations":[{"start":{"line":72,"column":14},"end":{"line":72,"column":25}},{"start":{"line":72,"column":29},"end":{"line":72,"column":44}}],"line":72},"4":{"loc":{"start":{"line":94,"column":14},"end":{"line":94,"column":81}},"type":"binary-expr","locations":[{"start":{"line":94,"column":14},"end":{"line":94,"column":56}},{"start":{"line":94,"column":60},"end":{"line":94,"column":81}}],"line":94},"5":{"loc":{"start":{"line":100,"column":4},"end":{"line":118,"column":5}},"type":"if","locations":[{"start":{"line":100,"column":4},"end":{"line":118,"column":5}},{"start":{"line":100,"column":4},"end":{"line":118,"column":5}}],"line":100},"6":{"loc":{"start":{"line":102,"column":6},"end":{"line":104,"column":7}},"type":"if","locations":[{"start":{"line":102,"column":6},"end":{"line":104,"column":7}},{"start":{"line":102,"column":6},"end":{"line":104,"column":7}}],"line":102},"7":{"loc":{"start":{"line":102,"column":10},"end":{"line":102,"column":62}},"type":"binary-expr","locations":[{"start":{"line":102,"column":10},"end":{"line":102,"column":22}},{"start":{"line":102,"column":26},"end":{"line":102,"column":62}}],"line":102},"8":{"loc":{"start":{"line":106,"column":12},"end":{"line":106,"column":87}},"type":"binary-expr","locations":[{"start":{"line":106,"column":12},"end":{"line":106,"column":39}},{"start":{"line":106,"column":43},"end":{"line":106,"column":68}},{"start":{"line":106,"column":72},"end":{"line":106,"column":87}}],"line":106},"9":{"loc":{"start":{"line":112,"column":6},"end":{"line":114,"column":7}},"type":"if","locations":[{"start":{"line":112,"column":6},"end":{"line":114,"column":7}},{"start":{"line":112,"column":6},"end":{"line":114,"column":7}}],"line":112},"10":{"loc":{"start":{"line":112,"column":10},"end":{"line":112,"column":51}},"type":"binary-expr","locations":[{"start":{"line":112,"column":10},"end":{"line":112,"column":22}},{"start":{"line":112,"column":26},"end":{"line":112,"column":51}}],"line":112},"11":{"loc":{"start":{"line":116,"column":12},"end":{"line":116,"column":81}},"type":"binary-expr","locations":[{"start":{"line":116,"column":12},"end":{"line":116,"column":33}},{"start":{"line":116,"column":37},"end":{"line":116,"column":62}},{"start":{"line":116,"column":66},"end":{"line":116,"column":81}}],"line":116},"12":{"loc":{"start":{"line":148,"column":28},"end":{"line":148,"column":55}},"type":"binary-expr","locations":[{"start":{"line":148,"column":28},"end":{"line":148,"column":49}},{"start":{"line":148,"column":53},"end":{"line":148,"column":55}}],"line":148},"13":{"loc":{"start":{"line":151,"column":8},"end":{"line":153,"column":9}},"type":"if","locations":[{"start":{"line":151,"column":8},"end":{"line":153,"column":9}},{"start":{"line":151,"column":8},"end":{"line":153,"column":9}}],"line":151},"14":{"loc":{"start":{"line":151,"column":12},"end":{"line":151,"column":50}},"type":"binary-expr","locations":[{"start":{"line":151,"column":12},"end":{"line":151,"column":16}},{"start":{"line":151,"column":20},"end":{"line":151,"column":50}}],"line":151},"15":{"loc":{"start":{"line":155,"column":8},"end":{"line":158,"column":9}},"type":"if","locations":[{"start":{"line":155,"column":8},"end":{"line":158,"column":9}},{"start":{"line":155,"column":8},"end":{"line":158,"column":9}}],"line":155}},"s":{"0":1,"1":1,"2":1,"3":1,"4":1,"5":12,"6":7,"7":7,"8":7,"9":7,"10":7,"11":7,"12":7,"13":7,"14":7,"15":7,"16":7,"17":7,"18":7,"19":7,"20":4,"21":4,"22":4,"23":4,"24":4,"25":3,"26":3,"27":3,"28":3,"29":3,"30":3,"31":1,"32":1,"33":0,"34":1,"35":1,"36":1,"37":4,"38":4,"39":4,"40":4,"41":4,"42":4,"43":4,"44":4,"45":4,"46":4,"47":4,"48":4,"49":1,"50":4,"51":1,"52":1,"53":4,"54":9,"55":9,"56":1,"57":1,"58":1},"f":{"0":12,"1":7,"2":4,"3":4,"4":4,"5":4,"6":4,"7":4,"8":4,"9":9},"b":{"0":[7,2],"1":[7,2],"2":[7,2],"3":[7,2],"4":[4,4],"5":[3,1],"6":[3,0],"7":[3,3],"8":[3,3,3],"9":[0,1],"10":[1,0],"11":[1,1,1],"12":[4,2],"13":[1,3],"14":[4,3],"15":[1,3]},"_coverageSchema":"d34fc3e6b8297bcde183f5492bcb8fcb36775295","hash":"182f07b14fc98d4ae9394b84feaa28711599b513","contentHash":"53f6f1da57ed892109c1962d38179f51_12.0.2"},"/Users/pedro.piloto/Repositories/isep/oidc-op/src/schemas/AccessTokenSchema.js":{"path":"/Users/pedro.piloto/Repositories/isep/oidc-op/src/schemas/AccessTokenSchema.js","statementMap":{"0":{"start":{"line":4,"column":31},"end":{"line":4,"column":53}},"1":{"start":{"line":9,"column":26},"end":{"line":65,"column":2}},"2":{"start":{"line":70,"column":0},"end":{"line":70,"column":34}}},"fnMap":{},"branchMap":{},"s":{"0":1,"1":1,"2":1},"f":{},"b":{},"_coverageSchema":"d34fc3e6b8297bcde183f5492bcb8fcb36775295","hash":"dbd16a104653b870138ca6cbd62f6d895f11d195","contentHash":"48ee5c0576c0cbc561ca6c5291b8e28d_12.0.2"},"/Users/pedro.piloto/Repositories/isep/oidc-op/src/AuthorizationCode.js":{"path":"/Users/pedro.piloto/Repositories/isep/oidc-op/src/AuthorizationCode.js","statementMap":{"0":{"start":{"line":4,"column":23},"end":{"line":4,"column":54}},"1":{"start":{"line":5,"column":34},"end":{"line":5,"column":54}},"2":{"start":{"line":16,"column":4},"end":{"line":16,"column":34}},"3":{"start":{"line":23,"column":0},"end":{"line":23,"column":34}}},"fnMap":{"0":{"name":"(anonymous_0)","decl":{"start":{"line":15,"column":2},"end":{"line":15,"column":3}},"loc":{"start":{"line":15,"column":23},"end":{"line":17,"column":3}},"line":15}},"branchMap":{},"s":{"0":1,"1":1,"2":2,"3":1},"f":{"0":2},"b":{},"_coverageSchema":"d34fc3e6b8297bcde183f5492bcb8fcb36775295","hash":"77c400a97760b77fe7532bcd5643119028de964c","contentHash":"17c68f6eace2f40315b899024ebeb6bf_12.0.2"},"/Users/pedro.piloto/Repositories/isep/oidc-op/src/schemas/index.js":{"path":"/Users/pedro.piloto/Repositories/isep/oidc-op/src/schemas/index.js","statementMap":{"0":{"start":{"line":1,"column":0},"end":{"line":8,"column":1}}},"fnMap":{},"branchMap":{},"s":{"0":1},"f":{},"b":{},"_coverageSchema":"d34fc3e6b8297bcde183f5492bcb8fcb36775295","hash":"a802d0100394e143a9a5f0abeef71f9c779d4399","contentHash":"eb380dc947618aee445bfa89445c31fe_12.0.2"},"/Users/pedro.piloto/Repositories/isep/oidc-op/src/schemas/AuthorizationCodeSchema.js":{"path":"/Users/pedro.piloto/Repositories/isep/oidc-op/src/schemas/AuthorizationCodeSchema.js","statementMap":{"0":{"start":{"line":4,"column":21},"end":{"line":4,"column":52}},"1":{"start":{"line":9,"column":32},"end":{"line":53,"column":2}},"2":{"start":{"line":58,"column":0},"end":{"line":58,"column":40}}},"fnMap":{},"branchMap":{},"s":{"0":1,"1":1,"2":1},"f":{},"b":{},"_coverageSchema":"d34fc3e6b8297bcde183f5492bcb8fcb36775295","hash":"3b666b5448eaa5076121a4ec6ae74c3a41b4f8c6","contentHash":"75082e622e6e2f84b8e1ff0c728a1976_12.0.2"},"/Users/pedro.piloto/Repositories/isep/oidc-op/src/schemas/ClientSchema.js":{"path":"/Users/pedro.piloto/Repositories/isep/oidc-op/src/schemas/ClientSchema.js","statementMap":{"0":{"start":{"line":6,"column":21},"end":{"line":6,"column":52}},"1":{"start":{"line":11,"column":15},"end":{"line":278,"column":2}},"2":{"start":{"line":283,"column":0},"end":{"line":283,"column":23}}},"fnMap":{},"branchMap":{},"s":{"0":1,"1":1,"2":1},"f":{},"b":{},"_coverageSchema":"d34fc3e6b8297bcde183f5492bcb8fcb36775295","hash":"7c3f446598b09cdf09dd4884e7bbfa0de809c67e","contentHash":"cd433817b69b5bd0934a9d63b2730066_12.0.2"},"/Users/pedro.piloto/Repositories/isep/oidc-op/src/schemas/IDTokenSchema.js":{"path":"/Users/pedro.piloto/Repositories/isep/oidc-op/src/schemas/IDTokenSchema.js","statementMap":{"0":{"start":{"line":4,"column":31},"end":{"line":4,"column":53}},"1":{"start":{"line":9,"column":22},"end":{"line":245,"column":2}},"2":{"start":{"line":250,"column":0},"end":{"line":250,"column":30}}},"fnMap":{},"branchMap":{},"s":{"0":1,"1":1,"2":1},"f":{},"b":{},"_coverageSchema":"d34fc3e6b8297bcde183f5492bcb8fcb36775295","hash":"3a9eddaf4081b32ceffd69f5778b288375af2a19","contentHash":"0803e35623c18fd54ac4cd77951066c6_12.0.2"},"/Users/pedro.piloto/Repositories/isep/oidc-op/src/schemas/UserSchema.js":{"path":"/Users/pedro.piloto/Repositories/isep/oidc-op/src/schemas/UserSchema.js","statementMap":{"0":{"start":{"line":6,"column":21},"end":{"line":6,"column":52}},"1":{"start":{"line":17,"column":15},"end":{"line":160,"column":2}},"2":{"start":{"line":165,"column":0},"end":{"line":165,"column":23}}},"fnMap":{},"branchMap":{},"s":{"0":1,"1":1,"2":1},"f":{},"b":{},"_coverageSchema":"d34fc3e6b8297bcde183f5492bcb8fcb36775295","hash":"fa5c79d8bc2bce41455298e4d266a3a742fe47e2","contentHash":"afdd50e761bd40c3f5ff4987fe0028d2_12.0.2"},"/Users/pedro.piloto/Repositories/isep/oidc-op/src/IDToken.js":{"path":"/Users/pedro.piloto/Repositories/isep/oidc-op/src/IDToken.js","statementMap":{"0":{"start":{"line":4,"column":15},"end":{"line":4,"column":42}},"1":{"start":{"line":5,"column":18},"end":{"line":5,"column":38}},"2":{"start":{"line":6,"column":14},"end":{"line":6,"column":36}},"3":{"start":{"line":7,"column":22},"end":{"line":7,"column":56}},"4":{"start":{"line":9,"column":24},"end":{"line":9,"column":31}},"5":{"start":{"line":10,"column":30},"end":{"line":10,"column":37}},"6":{"start":{"line":21,"column":4},"end":{"line":21,"column":24}},"7":{"start":{"line":52,"column":27},"end":{"line":52,"column":35}},"8":{"start":{"line":54,"column":57},"end":{"line":54,"column":64}},"9":{"start":{"line":56,"column":14},"end":{"line":56,"column":50}},"10":{"start":{"line":57,"column":14},"end":{"line":57,"column":46}},"11":{"start":{"line":58,"column":14},"end":{"line":58,"column":58}},"12":{"start":{"line":59,"column":14},"end":{"line":59,"column":44}},"13":{"start":{"line":61,"column":14},"end":{"line":61,"column":23}},"14":{"start":{"line":63,"column":14},"end":{"line":63,"column":20}},"15":{"start":{"line":64,"column":14},"end":{"line":64,"column":54}},"16":{"start":{"line":65,"column":14},"end":{"line":65,"column":57}},"17":{"start":{"line":67,"column":17},"end":{"line":67,"column":29}},"18":{"start":{"line":68,"column":18},"end":{"line":68,"column":62}},"19":{"start":{"line":70,"column":4},"end":{"line":70,"column":46}},"20":{"start":{"line":70,"column":19},"end":{"line":70,"column":44}},"21":{"start":{"line":71,"column":4},"end":{"line":71,"column":43}},"22":{"start":{"line":71,"column":18},"end":{"line":71,"column":41}},"23":{"start":{"line":72,"column":4},"end":{"line":72,"column":34}},"24":{"start":{"line":72,"column":15},"end":{"line":72,"column":32}},"25":{"start":{"line":74,"column":14},"end":{"line":74,"column":51}},"26":{"start":{"line":76,"column":4},"end":{"line":76,"column":14}},"27":{"start":{"line":83,"column":52},"end":{"line":83,"column":59}},"28":{"start":{"line":85,"column":14},"end":{"line":85,"column":77}},"29":{"start":{"line":86,"column":14},"end":{"line":86,"column":31}},"30":{"start":{"line":87,"column":14},"end":{"line":87,"column":43}},"31":{"start":{"line":91,"column":4},"end":{"line":105,"column":5}},"32":{"start":{"line":92,"column":6},"end":{"line":92,"column":31}},"33":{"start":{"line":93,"column":6},"end":{"line":93,"column":31}},"34":{"start":{"line":94,"column":6},"end":{"line":94,"column":26}},"35":{"start":{"line":95,"column":6},"end":{"line":95,"column":87}},"36":{"start":{"line":96,"column":6},"end":{"line":96,"column":26}},"37":{"start":{"line":100,"column":6},"end":{"line":100,"column":20}},"38":{"start":{"line":101,"column":6},"end":{"line":101,"column":27}},"39":{"start":{"line":102,"column":6},"end":{"line":102,"column":20}},"40":{"start":{"line":103,"column":6},"end":{"line":103,"column":81}},"41":{"start":{"line":104,"column":6},"end":{"line":104,"column":24}},"42":{"start":{"line":107,"column":14},"end":{"line":107,"column":44}},"43":{"start":{"line":110,"column":4},"end":{"line":137,"column":27}},"44":{"start":{"line":117,"column":32},"end":{"line":117,"column":38}},"45":{"start":{"line":119,"column":22},"end":{"line":119,"column":78}},"46":{"start":{"line":121,"column":8},"end":{"line":123,"column":9}},"47":{"start":{"line":122,"column":10},"end":{"line":122,"column":47}},"48":{"start":{"line":125,"column":8},"end":{"line":125,"column":47}},"49":{"start":{"line":129,"column":19},"end":{"line":129,"column":31}},"50":{"start":{"line":133,"column":8},"end":{"line":133,"column":38}},"51":{"start":{"line":137,"column":18},"end":{"line":137,"column":26}},"52":{"start":{"line":152,"column":4},"end":{"line":161,"column":5}},"53":{"start":{"line":153,"column":16},"end":{"line":153,"column":44}},"54":{"start":{"line":154,"column":19},"end":{"line":154,"column":45}},"55":{"start":{"line":156,"column":6},"end":{"line":160,"column":8}},"56":{"start":{"line":157,"column":19},"end":{"line":157,"column":38}},"57":{"start":{"line":158,"column":19},"end":{"line":158,"column":53}},"58":{"start":{"line":159,"column":8},"end":{"line":159,"column":30}},"59":{"start":{"line":165,"column":16},"end":{"line":165,"column":63}},"60":{"start":{"line":166,"column":4},"end":{"line":166,"column":45}},"61":{"start":{"line":170,"column":0},"end":{"line":170,"column":41}},"62":{"start":{"line":171,"column":0},"end":{"line":171,"column":53}},"63":{"start":{"line":176,"column":0},"end":{"line":176,"column":24}}},"fnMap":{"0":{"name":"(anonymous_0)","decl":{"start":{"line":20,"column":2},"end":{"line":20,"column":3}},"loc":{"start":{"line":20,"column":23},"end":{"line":22,"column":3}},"line":20},"1":{"name":"(anonymous_1)","decl":{"start":{"line":51,"column":2},"end":{"line":51,"column":3}},"loc":{"start":{"line":51,"column":35},"end":{"line":77,"column":3}},"line":51},"2":{"name":"(anonymous_2)","decl":{"start":{"line":82,"column":2},"end":{"line":82,"column":3}},"loc":{"start":{"line":82,"column":45},"end":{"line":138,"column":3}},"line":82},"3":{"name":"(anonymous_3)","decl":{"start":{"line":116,"column":12},"end":{"line":116,"column":13}},"loc":{"start":{"line":116,"column":22},"end":{"line":126,"column":7}},"line":116},"4":{"name":"(anonymous_4)","decl":{"start":{"line":129,"column":12},"end":{"line":129,"column":13}},"loc":{"start":{"line":129,"column":19},"end":{"line":129,"column":31}},"line":129},"5":{"name":"(anonymous_5)","decl":{"start":{"line":132,"column":12},"end":{"line":132,"column":13}},"loc":{"start":{"line":132,"column":23},"end":{"line":134,"column":7}},"line":132},"6":{"name":"(anonymous_6)","decl":{"start":{"line":137,"column":12},"end":{"line":137,"column":13}},"loc":{"start":{"line":137,"column":18},"end":{"line":137,"column":26}},"line":137},"7":{"name":"(anonymous_7)","decl":{"start":{"line":151,"column":2},"end":{"line":151,"column":3}},"loc":{"start":{"line":151,"column":39},"end":{"line":162,"column":3}},"line":151},"8":{"name":"(anonymous_8)","decl":{"start":{"line":156,"column":68},"end":{"line":156,"column":69}},"loc":{"start":{"line":156,"column":78},"end":{"line":160,"column":7}},"line":156},"9":{"name":"(anonymous_9)","decl":{"start":{"line":164,"column":2},"end":{"line":164,"column":3}},"loc":{"start":{"line":164,"column":26},"end":{"line":167,"column":3}},"line":164}},"branchMap":{"0":{"loc":{"start":{"line":56,"column":14},"end":{"line":56,"column":50}},"type":"binary-expr","locations":[{"start":{"line":56,"column":14},"end":{"line":56,"column":25}},{"start":{"line":56,"column":29},"end":{"line":56,"column":50}}],"line":56},"1":{"loc":{"start":{"line":57,"column":14},"end":{"line":57,"column":46}},"type":"binary-expr","locations":[{"start":{"line":57,"column":14},"end":{"line":57,"column":25}},{"start":{"line":57,"column":29},"end":{"line":57,"column":46}}],"line":57},"2":{"loc":{"start":{"line":58,"column":14},"end":{"line":58,"column":58}},"type":"binary-expr","locations":[{"start":{"line":58,"column":14},"end":{"line":58,"column":25}},{"start":{"line":58,"column":29},"end":{"line":58,"column":58}}],"line":58},"3":{"loc":{"start":{"line":59,"column":14},"end":{"line":59,"column":44}},"type":"binary-expr","locations":[{"start":{"line":59,"column":14},"end":{"line":59,"column":25}},{"start":{"line"
[...]
,"locations":[{"start":{"line":149,"column":4},"end":{"line":177,"column":5}},{"start":{"line":149,"column":4},"end":{"line":177,"column":5}}],"line":149},"14":{"loc":{"start":{"line":149,"column":8},"end":{"line":149,"column":50}},"type":"binary-expr","locations":[{"start":{"line":149,"column":8},"end":{"line":149,"column":16}},{"start":{"line":149,"column":20},"end":{"line":149,"column":50}}],"line":149},"15":{"loc":{"start":{"line":153,"column":6},"end":{"line":158,"column":7}},"type":"if","locations":[{"start":{"line":153,"column":6},"end":{"line":158,"column":7}},{"start":{"line":153,"column":6},"end":{"line":158,"column":7}}],"line":153},"16":{"loc":{"start":{"line":161,"column":6},"end":{"line":166,"column":7}},"type":"if","locations":[{"start":{"line":161,"column":6},"end":{"line":166,"column":7}},{"start":{"line":161,"column":6},"end":{"line":166,"column":7}}],"line":161},"17":{"loc":{"start":{"line":169,"column":6},"end":{"line":174,"column":7}},"type":"if","locations":[{"start":{"line":169,"column":6},"end":{"line":174,"column":7}},{"start":{"line":169,"column":6},"end":{"line":174,"column":7}}],"line":169},"18":{"loc":{"start":{"line":180,"column":4},"end":{"line":185,"column":5}},"type":"if","locations":[{"start":{"line":180,"column":4},"end":{"line":185,"column":5}},{"start":{"line":180,"column":4},"end":{"line":185,"column":5}}],"line":180},"19":{"loc":{"start":{"line":210,"column":4},"end":{"line":215,"column":5}},"type":"if","locations":[{"start":{"line":210,"column":4},"end":{"line":215,"column":5}},{"start":{"line":210,"column":4},"end":{"line":215,"column":5}}],"line":210},"20":{"loc":{"start":{"line":218,"column":4},"end":{"line":223,"column":5}},"type":"if","locations":[{"start":{"line":218,"column":4},"end":{"line":223,"column":5}},{"start":{"line":218,"column":4},"end":{"line":223,"column":5}}],"line":218},"21":{"loc":{"start":{"line":226,"column":4},"end":{"line":231,"column":5}},"type":"if","locations":[{"start":{"line":226,"column":4},"end":{"line":231,"column":5}},{"start":{"line":226,"column":4},"end":{"line":231,"column":5}}],"line":226},"22":{"loc":{"start":{"line":226,"column":8},"end":{"line":226,"column":22}},"type":"binary-expr","locations":[{"start":{"line":226,"column":8},"end":{"line":226,"column":11}},{"start":{"line":226,"column":15},"end":{"line":226,"column":22}}],"line":226},"23":{"loc":{"start":{"line":236,"column":6},"end":{"line":241,"column":7}},"type":"if","locations":[{"start":{"line":236,"column":6},"end":{"line":241,"column":7}},{"start":{"line":236,"column":6},"end":{"line":241,"column":7}}],"line":236},"24":{"loc":{"start":{"line":244,"column":6},"end":{"line":249,"column":7}},"type":"if","locations":[{"start":{"line":244,"column":6},"end":{"line":249,"column":7}},{"start":{"line":244,"column":6},"end":{"line":249,"column":7}}],"line":244},"25":{"loc":{"start":{"line":269,"column":4},"end":{"line":274,"column":5}},"type":"if","locations":[{"start":{"line":269,"column":4},"end":{"line":274,"column":5}},{"start":{"line":269,"column":4},"end":{"line":274,"column":5}}],"line":269},"26":{"loc":{"start":{"line":269,"column":8},"end":{"line":269,"column":22}},"type":"binary-expr","locations":[{"start":{"line":269,"column":8},"end":{"line":269,"column":11}},{"start":{"line":269,"column":15},"end":{"line":269,"column":22}}],"line":269},"27":{"loc":{"start":{"line":280,"column":8},"end":{"line":285,"column":9}},"type":"if","locations":[{"start":{"line":280,"column":8},"end":{"line":285,"column":9}},{"start":{"line":280,"column":8},"end":{"line":285,"column":9}}],"line":280},"28":{"loc":{"start":{"line":288,"column":8},"end":{"line":293,"column":9}},"type":"if","locations":[{"start":{"line":288,"column":8},"end":{"line":293,"column":9}},{"start":{"line":288,"column":8},"end":{"line":293,"column":9}}],"line":288},"29":{"loc":{"start":{"line":314,"column":4},"end":{"line":319,"column":5}},"type":"if","locations":[{"start":{"line":314,"column":4},"end":{"line":319,"column":5}},{"start":{"line":314,"column":4},"end":{"line":319,"column":5}}],"line":314},"30":{"loc":{"start":{"line":314,"column":8},"end":{"line":314,"column":32}},"type":"binary-expr","locations":[{"start":{"line":314,"column":8},"end":{"line":314,"column":16}},{"start":{"line":314,"column":20},"end":{"line":314,"column":32}}],"line":314},"31":{"loc":{"start":{"line":323,"column":8},"end":{"line":328,"column":9}},"type":"if","locations":[{"start":{"line":323,"column":8},"end":{"line":328,"column":9}},{"start":{"line":323,"column":8},"end":{"line":328,"column":9}}],"line":323},"32":{"loc":{"start":{"line":330,"column":8},"end":{"line":335,"column":9}},"type":"if","locations":[{"start":{"line":330,"column":8},"end":{"line":335,"column":9}},{"start":{"line":330,"column":8},"end":{"line":335,"column":9}}],"line":330},"33":{"loc":{"start":{"line":339,"column":8},"end":{"line":344,"column":9}},"type":"if","locations":[{"start":{"line":339,"column":8},"end":{"line":344,"column":9}},{"start":{"line":339,"column":8},"end":{"line":344,"column":9}}],"line":339},"34":{"loc":{"start":{"line":339,"column":12},"end":{"line":339,"column":44}},"type":"binary-expr","locations":[{"start":{"line":339,"column":12},"end":{"line":339,"column":18}},{"start":{"line":339,"column":22},"end":{"line":339,"column":44}}],"line":339},"35":{"loc":{"start":{"line":371,"column":4},"end":{"line":373,"column":5}},"type":"if","locations":[{"start":{"line":371,"column":4},"end":{"line":373,"column":5}},{"start":{"line":371,"column":4},"end":{"line":373,"column":5}}],"line":371},"36":{"loc":{"start":{"line":375,"column":4},"end":{"line":377,"column":5}},"type":"if","locations":[{"start":{"line":375,"column":4},"end":{"line":377,"column":5}},{"start":{"line":375,"column":4},"end":{"line":377,"column":5}}],"line":375},"37":{"loc":{"start":{"line":379,"column":4},"end":{"line":381,"column":5}},"type":"if","locations":[{"start":{"line":379,"column":4},"end":{"line":381,"column":5}},{"start":{"line":379,"column":4},"end":{"line":381,"column":5}}],"line":379},"38":{"loc":{"start":{"line":449,"column":6},"end":{"line":451,"column":7}},"type":"if","locations":[{"start":{"line":449,"column":6},"end":{"line":451,"column":7}},{"start":{"line":449,"column":6},"end":{"line":451,"column":7}}],"line":449},"39":{"loc":{"start":{"line":465,"column":4},"end":{"line":516,"column":5}},"type":"if","locations":[{"start":{"line":465,"column":4},"end":{"line":516,"column":5}},{"start":{"line":465,"column":4},"end":{"line":516,"column":5}}],"line":465},"40":{"loc":{"start":{"line":469,"column":8},"end":{"line":474,"column":9}},"type":"if","locations":[{"start":{"line":469,"column":8},"end":{"line":474,"column":9}},{"start":{"line":469,"column":8},"end":{"line":474,"column":9}}],"line":469},"41":{"loc":{"start":{"line":477,"column":8},"end":{"line":482,"column":9}},"type":"if","locations":[{"start":{"line":477,"column":8},"end":{"line":482,"column":9}},{"start":{"line":477,"column":8},"end":{"line":482,"column":9}}],"line":477},"42":{"loc":{"start":{"line":485,"column":8},"end":{"line":490,"column":9}},"type":"if","locations":[{"start":{"line":485,"column":8},"end":{"line":490,"column":9}},{"start":{"line":485,"column":8},"end":{"line":490,"column":9}}],"line":485},"43":{"loc":{"start":{"line":493,"column":8},"end":{"line":498,"column":9}},"type":"if","locations":[{"start":{"line":493,"column":8},"end":{"line":498,"column":9}},{"start":{"line":493,"column":8},"end":{"line":498,"column":9}}],"line":493},"44":{"loc":{"start":{"line":501,"column":8},"end":{"line":506,"column":9}},"type":"if","locations":[{"start":{"line":501,"column":8},"end":{"line":506,"column":9}},{"start":{"line":501,"column":8},"end":{"line":506,"column":9}}],"line":501}},"s":{"0":1,"1":1,"2":1,"3":1,"4":0,"5":0,"6":0,"7":48,"8":48,"9":48,"10":49,"11":49,"12":6,"13":6,"14":1,"15":5,"16":1,"17":4,"18":1,"19":3,"20":1,"21":2,"22":1,"23":1,"24":7,"25":7,"26":7,"27":7,"28":9,"29":9,"30":3,"31":9,"32":3,"33":1,"34":2,"35":8,"36":5,"37":5,"38":2,"39":3,"40":1,"41":2,"42":1,"43":1,"44":4,"45":1,"46":3,"47":6,"48":6,"49":6,"50":6,"51":6,"52":6,"53":1,"54":5,"55":1,"56":4,"57":1,"58":3,"59":3,"60":1,"61":2,"62":1,"63":1,"64":1,"65":5,"66":5,"67":2,"68":3,"69":3,"70":3,"71":1,"72":2,"73":1,"74":1,"75":1,"76":0,"77":0,"78":0,"79":0,"80":0,"81":0,"82":0,"83":0,"84":0,"85":0,"86":0,"87":0,"88":0,"89":0,"90":4,"91":4,"92":1,"93":3,"94":1,"95":2,"96":1,"97":1,"98":3,"99":3,"100":3,"101":3,"102":1,"103":1,"104":0,"105":3,"106":3,"107":3,"108":3,"109":3,"110":3,"111":3,"112":1,"113":3,"114":7,"115":7,"116":6,"117":6,"118":1,"119":5,"120":1,"121":4,"122":1,"123":3,"124":1,"125":2,"126":1,"127":1,"128":1,"129":1,"130":1},"f":{"0":0,"1":0,"2":48,"3":49,"4":6,"5":7,"6":9,"7":6,"8":3,"9":5,"10":3,"11":3,"12":0,"13":0,"14":4,"15":3,"16":3,"17":3,"18":3,"19":1,"20":1,"21":0,"22":3,"23":3,"24":7,"25":6},"b":{"0":[1,5],"1":[1,4],"2":[1,3],"3":[4,3],"4":[1,2],"5":[3,2],"6":[1,1],"7":[2,1],"8":[3,6],"9":[9,3],"10":[3,6],"11":[9,9],"12":[1,2],"13":[5,3],"14":[8,8],"15":[2,3],"16":[1,2],"17":[1,1],"18":[1,3],"19":[1,5],"20":[1,4],"21":[1,3],"22":[4,3],"23":[1,2],"24":[1,1],"25":[2,3],"26":[5,4],"27":[1,2],"28":[1,1],"29":[0,0],"30":[0,0],"31":[0,0],"32":[0,0],"33":[0,0],"34":[0,0],"35":[1,3],"36":[1,2],"37":[1,1],"38":[1,2],"39":[6,1],"40":[1,5],"41":[1,4],"42":[1,3],"43":[1,2],"44":[1,1]},"_coverageSchema":"d34fc3e6b8297bcde183f5492bcb8fcb36775295","hash":"5e989223dad30b6a54ba13d6ccb1f3eff976c672","contentHash":"17c11aa035f6c690de0c9d2c3f5844f4_12.0.2"},"/Users/pedro.piloto/Repositories/isep/oidc-op/src/handlers/UserInfoRequest.js":{"path":"/Users/pedro.piloto/Repositories/isep/oidc-op/src/handlers/UserInfoRequest.js","statementMap":{"0":{"start":{"line":7,"column":20},"end":{"line":7,"column":44}},"1":{"start":{"line":28,"column":0},"end":{"line":28,"column":32}}},"fnMap":{"0":{"name":"(anonymous_0)","decl":{"start":{"line":21,"column":2},"end":{"line":21,"column":3}},"loc":{"start":{"line":21,"column":37},"end":{"line":22,"column":3}},"line":21}},"branchMap":{},"s":{"0":1,"1":1},"f":{"0":0},"b":{},"_coverageSchema":"d34fc3e6b8297bcde183f5492bcb8fcb36775295","hash":"e900b0fce2ecd76980acdefedb76b9c8c9e2e102","contentHash":"3c0ab9319c172d82aa274fe8b00f1915_12.0.2"},"/Users/pedro.piloto/Repositories/isep/oidc-op/src/handlers/RPInitiatedLogoutRequest.js":{"path":"/Users/pedro.piloto/Repositories/isep/oidc-op/src/handlers/RPInitiatedLogoutRequest.js","statementMap":{"0":{"start":{"line":7,"column":11},"end":{"line":7,"column":24}},"1":{"start":{"line":8,"column":20},"end":{"line":8,"column":44}},"2":{"start":{"line":9,"column":16},"end":{"line":9,"column":37}},"3":{"start":{"line":10,"column":19},"end":{"line":10,"column":41}},"4":{"start":{"line":12,"column":32},"end":{"line":12,"column":35}},"5":{"start":{"line":31,"column":4},"end":{"line":31,"column":29}},"6":{"start":{"line":32,"column":4},"end":{"line":32,"column":58}},"7":{"start":{"line":44,"column":20},"end":{"line":44,"column":68}},"8":{"start":{"line":46,"column":4},"end":{"line":55,"column":41}},"9":{"start":{"line":77,"column":33},"end":{"line":77,"column":40}},"10":{"start":{"line":78,"column":24},"end":{"line":78,"column":47}},"11":{"start":{"line":81,"column":4},"end":{"line":83,"column":5}},"12":{"start":{"line":82,"column":6},"end":{"line":82,"column":20}},"13":{"start":{"line":85,"column":4},"end":{"line":89,"column":5}},"14":{"start":{"line":86,"column":6},"end":{"line":86,"column":53}},"15":{"start":{"line":88,"column":6},"end":{"line":88,"column":77}},"16":{"start":{"line":93,"column":15},"end":{"line":93,"column":58}},"17":{"start":{"line":95,"column":4},"end":{"line":99,"column":5}},"18":{"start":{"line":96,"column":6},"end":{"line":98,"column":8}},"19":{"start":{"line":101,"column":4},"end":{"line":106,"column":5}},"20":{"start":{"line":102,"column":6},"end":{"line":102,"column":32}},"21":{"start":{"line":104,"column":6},"end":{"line":104,"column":67}},"22":{"start":{"line":105,"column":6},"end":{"line":105,"column":79}},"23":{"start":{"line":108,"column":4},"end":{"line":108,"column":44}},"24":{"start":{"line":110,"column":4},"end":{"line":110,"column":18}},"25":{"start":{"line":127,"column":33},"end":{"line":127,"column":40}},"26":{"start":{"line":128,"column":46},"end":{"line":128,"column":52}},"27":{"start":{"line":129,"column":28},"end":{"line":129,"column":34}},"28":{"start":{"line":131,"column":4},"end":{"line":133,"column":5}},"29":{"start":{"line":132,"column":6},"end":{"line":132,"column":20}},"30":{"start":{"line":135,"column":4},"end":{"line":139,"column":5}},"31":{"start":{"line":136,"column":6},"end":{"line":138,"column":8}},"32":{"start":{"line":143,"column":21},"end":{"line":143,"column":71}},"33":{"start":{"line":145,"column":19},"end":{"line":145,"column":66}},"34":{"start":{"line":146,"column":4},"end":{"line":150,"column":5}},"35":{"start":{"line":147,"column":6},"end":{"line":149,"column":8}},"36":{"start":{"line":153,"column":4},"end":{"line":157,"column":5}},"37":{"start":{"line":154,"column":6},"end":{"line":156,"column":8}},"38":{"start":{"line":160,"column":4},"end":{"line":160,"column":18}},"39":{"start":{"line":177,"column":4},"end":{"line":179,"column":42}},"40":{"start":{"line":205,"column":34},"end":{"line":205,"column":38}},"41":{"start":{"line":206,"column":22},"end":{"line":206,"column":28}},"42":{"start":{"line":208,"column":14},"end":{"line":208,"column":18}},"43":{"start":{"line":209,"column":4},"end":{"line":210,"column":46}},"44":{"start":{"line":210,"column":6},"end":{"line":210,"column":46}},"45":{"start":{"line":211,"column":4},"end":{"line":212,"column":53}},"46":{"start":{"line":212,"column":6},"end":{"line":212,"column":53}},"47":{"start":{"line":213,"column":4},"end":{"line":214,"column":35}},"48":{"start":{"line":214,"column":6},"end":{"line":214,"column":35}},"49":{"start":{"line":216,"column":4},"end":{"line":219,"column":5}},"50":{"start":{"line":217,"column":26},"end":{"line":217,"column":49}},"51":{"start":{"line":218,"column":6},"end":{"line":218,"column":35}},"52":{"start":{"line":221,"column":4},"end":{"line":221,"column":21}},"53":{"start":{"line":225,"column":18},"end":{"line":225,"column":34}},"54":{"start":{"line":226,"column":4},"end":{"line":226,"column":49}},"55":{"start":{"line":227,"column":4},"end":{"line":227,"column":25}},"56":{"start":{"line":228,"column":4},"end":{"line":228,"column":26}},"57":{"start":{"line":232,"column":0},"end":{"line":232,"column":41}}},"fnMap":{"0":{"name":"(anonymous_0)","decl":{"start":{"line":30,"column":2},"end":{"line":30,"column":3}},"loc":{"start":{"line":30,"column":35},"end":{"line":33,"column":3}},"line":30},"1":{"name":"(anonymous_1)","decl":{"start":{"line":43,"column":2},"end":{"line":43,"column":3}},"loc":{"start":{"line":43,"column":37},"end":{"line":56,"column":3}},"line":43},"2":{"name":"(anonymous_2)","decl":{"start":{"line":76,"column":2},"end":{"line":76,"column":3}},"loc":{"start":{"line":76,"column":38},"end":{"line":111,"column":3}},"line":76},"3":{"name":"(anonymous_3)","decl":{"start":{"line":126,"column":2},"end":{"line":126,"column":3}},"loc":{"start":{"line":126,"column":40},"end":{"line":161,"column":3}},"line":126},"4":{"name":"(anonymous_4)","decl":{"start":{"line":172,"column":2},"end":{"line":172,"column":3}},"loc":{"start":{"line":172,"column":21},"end":{"line":180,"column":3}},"line":172},"5":{"name":"(anonymous_5)","decl":{"start":{"line":204,"column":2},"end":{"line":204,"column":3}},"loc":{"start":{"line":204,"column":29},"end":{"line":222,"column":3}},"line":204},"6":{"name":"(anonymous_6)","decl":{"start":{"line":224,"column":2},"end":{"line":224,"column":3}},"loc":{"start":{"line":224,"column":22},"end":{"line":229,"column":3}},"line":224}},"branchMap":{"0":{"loc":{"start":{"line":81,"column":4},"end":{"line":83,"column":5}},"type":"if","locations":[{"start":{"line":81,"column":4},"end":{"line":83,"column":5}},{"start":{"line":81,"column":4},"end":{"line":83,"column":5}}],"line":81},"1":{"loc":{"start":{"line":95,"column":4},"end":{"line":99,"column":5}},"type":"if","locations":[{"start":{"line":95,"column":4},"end":{"line":99,"column":5}},{"start":{"line":95,"column":4},"end":{"line":99,"column":5}}],"line":95},"2":{"loc":{"start":{"line":131,"column":4},"end":{"line":133,"column":5}},"type":"if","locations":[{"start":{"line":131,"column":4},"end":{"line":133,"column":5}},{"start":{"line":131,"column":4},"end":{"line":133,"column":5}}],"line":131},"3":{"loc":{"start":{"line":135,"column":4},"end":{"line":139,"column":5}},"type":"if","locations":[{"start":{"line":135,"column":4},"end":{"line":139,"column":5}},{"start":{"line":135,"column":4},"end":{"line":139,"column":5}}],"line":135},"4":{"loc":{"start":{"line":143,"column":21},"end":{"line":143,"column":71}},"type":"binary-expr","locations":[{"start":{"line":143,"column":21},"end":{"line":143,"column":44}},{"start":{"line":143,"column":48},"end":{"line":143,"column":71}}],"line":143},"5":{"loc":{"start":{"line":146,"column":4},"end":{"line":150,"column":5}},"type":"if","locations":[{"start":{"line":146,"column":4},"end":{"line":150,"column":5}},{"start":{"line":146,"column":4},"end":{"line":150,"column":5}}],"line":146},"6":{"loc":{"start":{"line":153,"column":4},"end":{"line":157,"column":5}},"type":"if","locations":[{"start":{"line":153,"column":4},"end":{"line":157,"column":5}},{"start":{"line":153,"column":4},"end":{"line":157,"column":5}}],"line":153},"7":{"loc":{"start":{"line":153,"column":8},"end":{"line":153,"column":98}},"type":"binary-expr","locations":[{"start":{"line":153,"column":8},"end":{"line":153,"column":44}},{"start":{"line":153,"column":48},"end":{"line":153,"column":98}}],"line":153},"8":{"loc":{"start":{"line":209,"column":4},"end":{"line":210,"column":46}},"type":"if","locations":[{"start":{"line":209,"column":4},"end":{"line":210,"column":46}},{"start":{"line":209,"column":4},"end":{"line":210,"column":46}}],"line":209},"9":{"loc":{"start":{"line":209,"column":8},"end":{"line":209,"column":52}},"type":"binary-expr","locations":[{"start":{"line":209,"column":8},"end":{"line":209,"column":14}},{"start":{"line":209,"column":18},"end":{"line":209,"column":52}}],"line":209},"10":{"loc":{"start":{"line":211,"column":4},"end":{"line":212,"column":53}},"type":"if","locations":[{"start":{"line":211,"column":4},"end":{"line":212,"column":53}},{"start":{"line":211,"column":4},"end":{"line":212,"column":53}}],"line":211},"11":{"loc":{"start":{"line":211,"column":8},"end":{"line":211,"column":74}},"type":"binary-expr","locations":[{"start":{"line":211,"column":8},"end":{"line":211,"column":12}},{"start":{"line":211,"column":16},"end":{"line":211,"column":29}},{"start":{"line":211,"column":33},"end":{"line":211,"column":74}}],"line":211},"12":{"loc":{"start":{"line":213,"column":4},"end":{"line":214,"column":35}},"type":"if","locations":[{"start":{"line":213,"column":4},"end":{"line":214,"column":35}},{"start":{"line":213,"column":4},"end":{"line":214,"column":35}}],"line":213},"13":{"loc":{"start":{"line":216,"column":4},"end":{"line":219,"column":5}},"type":"if","locations":[{"start":{"line":216,"column":4},"end":{"line":219,"column":5}},{"start":{"line":216,"column":4},"end":{"line":219,"column":5}}],"line":216}},"s":{"0":1,"1":1,"2":1,"3":1,"4":1,"5":3,"6":3,"7":0,"8":0,"9":0,"10":0,"11":0,"12":0,"13":0,"14":0,"15":0,"16":0,"17":0,"18":0,"19":0,"20":0,"21":0,"22":0,"23":0,"24":0,"25":0,"26":0,"27":0,"28":0,"29":0,"30":0,"31":0,"32":0,"33":0,"34":0,"35":0,"36":0,"37":0,"38":0,"39":0,"40":2,"41":2,"42":2,"43":2,"44":1,"45":2,"46":1,"47":2,"48":0,"49":2,"50":1,"51":1,"52":2,"53":0,"54":0,"55":0,"56":0,"57":1},"f":{"0":3,"1":0,"2":0,"3":0,"4":0,"5":2,"6":0},"b":{"0":[0,0],"1":[0,0],"2":[0,0],"3":[0,0],"4":[0,0],"5":[0,0],"6":[0,0],"7":[0,0],"8":[1,1],"9":[2,2],"10":[1,1],"11":[2,1,1],"12":[0,2],"13":[1,1]},"_coverageSchema":"d34fc3e6b8297bcde183f5492bcb8fcb36775295","hash":"8400623b369662331c658b60535ea67d81674f34","contentHash":"7e0392886bde8659b708e675ba17afac_12.0.2"}}